Using pre-set license
Built from '2021.3/evg/staging/82bb020e-b03b1330/draft-0' branch; Version is '2021.3.16f1 (4016570cf34f) revision 4200023'; Using compiler version '192829333'; Build Type 'Release'
OS: 'Windows 11  (10.0.22631) 64bit ProfessionalN' Language: 'zh' Physical Memory: 31895 MB
BatchMode: 1, IsHumanControllingUs: 0, StartBugReporterOnCrash: 0, Is64bit: 1, IsPro: 1

COMMAND LINE ARGUMENTS:
C:\Program Files\Unity\Hub\Editor\2021.3.16f1\Editor\Unity.exe
-adb2
-batchMode
-noUpm
-name
AssetImportWorker4
-projectPath
C:/Users/35498/OneDrive/Desktop/Team13-main
-logFile
Logs/AssetImportWorker4.log
-srvPort
60816
Successfully changed project path to: C:/Users/35498/OneDrive/Desktop/Team13-main
C:/Users/35498/OneDrive/Desktop/Team13-main
[UnityMemory] Configuration Parameters - Can be set up in boot.config
    "memorysetup-bucket-allocator-granularity=16"
    "memorysetup-bucket-allocator-bucket-count=8"
    "memorysetup-bucket-allocator-block-size=33554432"
    "memorysetup-bucket-allocator-block-count=8"
    "memorysetup-main-allocator-block-size=16777216"
    "memorysetup-thread-allocator-block-size=16777216"
    "memorysetup-gfx-main-allocator-block-size=16777216"
    "memorysetup-gfx-thread-allocator-block-size=16777216"
    "memorysetup-cache-allocator-block-size=4194304"
    "memorysetup-typetree-allocator-block-size=2097152"
    "memorysetup-profiler-bucket-allocator-granularity=16"
    "memorysetup-profiler-bucket-allocator-bucket-count=8"
    "memorysetup-profiler-bucket-allocator-block-size=33554432"
    "memorysetup-profiler-bucket-allocator-block-count=8"
    "memorysetup-profiler-allocator-block-size=16777216"
    "memorysetup-profiler-editor-allocator-block-size=1048576"
    "memorysetup-temp-allocator-size-main=16777216"
    "memorysetup-job-temp-allocator-block-size=2097152"
    "memorysetup-job-temp-allocator-block-size-background=1048576"
    "memorysetup-job-temp-allocator-reduction-small-platforms=262144"
    "memorysetup-temp-allocator-size-background-worker=32768"
    "memorysetup-temp-allocator-size-job-worker=262144"
    "memorysetup-temp-allocator-size-preload-manager=33554432"
    "memorysetup-temp-allocator-size-nav-mesh-worker=65536"
    "memorysetup-temp-allocator-size-audio-worker=65536"
    "memorysetup-temp-allocator-size-cloud-worker=32768"
    "memorysetup-temp-allocator-size-gi-baking-worker=262144"
    "memorysetup-temp-allocator-size-gfx=262144"
Player connection [32528] Host "[IP] 192.168.1.3 [Port] 0 [Flags] 2 [Guid] 2764894326 [EditorId] 2764894326 [Version] 1048832 [Id] WindowsEditor(7,weicheng) [Debug] 1 [PackageName] WindowsEditor [ProjectName] Editor" joined multi-casting on [225.0.0.222:54997]...

Player connection [32528] Host "[IP] 192.168.1.3 [Port] 0 [Flags] 2 [Guid] 2764894326 [EditorId] 2764894326 [Version] 1048832 [Id] WindowsEditor(7,weicheng) [Debug] 1 [PackageName] WindowsEditor [ProjectName] Editor" joined alternative multi-casting on [225.0.0.222:34997]...

Refreshing native plugins compatible for Editor in 72.43 ms, found 9 plugins.
Preloading 0 native plugins for Editor in 0.00 ms.
Initialize engine version: 2021.3.16f1 (4016570cf34f)
[Subsystems] Discovering subsystems at path C:/Program Files/Unity/Hub/Editor/2021.3.16f1/Editor/Data/Resources/UnitySubsystems
[Subsystems] Discovering subsystems at path C:/Users/35498/OneDrive/Desktop/Team13-main/Assets
GfxDevice: creating device client; threaded=0; jobified=0
Direct3D:
    Version:  Direct3D 11.0 [level 11.1]
    Renderer: AMD Radeon RX 7900 XTX (ID=0x744c)
    Vendor:   ATI
    VRAM:     24511 MB
    Driver:   31.0.23013.3005
Initialize mono
Mono path[0] = 'C:/Program Files/Unity/Hub/Editor/2021.3.16f1/Editor/Data/Managed'
Mono path[1] = 'C:/Program Files/Unity/Hub/Editor/2021.3.16f1/Editor/Data/MonoBleedingEdge/lib/mono/unityjit-win32'
Mono config path = 'C:/Program Files/Unity/Hub/Editor/2021.3.16f1/Editor/Data/MonoBleedingEdge/etc'
Using monoOptions --debugger-agent=transport=dt_socket,embedding=1,server=y,suspend=n,address=127.0.0.1:56096
Begin MonoManager ReloadAssembly
Registering precompiled unity dll's ...
Register platform support module: C:/Program Files/Unity/Hub/Editor/2021.3.16f1/Editor/Data/PlaybackEngines/AndroidPlayer/UnityEditor.Android.Extensions.dll
Register platform support module: C:/Program Files/Unity/Hub/Editor/2021.3.16f1/Editor/Data/PlaybackEngines/WindowsStandaloneSupport/UnityEditor.WindowsStandalone.Extensions.dll
Registered in 0.004384 seconds.
Native extension for WindowsStandalone target not found
Native extension for Android target not found
Refreshing native plugins compatible for Editor in 62.14 ms, found 9 plugins.
Preloading 0 native plugins for Editor in 0.00 ms.
Mono: successfully reloaded assembly
- Completed reload, in  0.413 seconds
Domain Reload Profiling:
	ReloadAssembly (413ms)
		BeginReloadAssembly (46ms)
			ExecutionOrderSort (0ms)
			DisableScriptedObjects (0ms)
			BackupInstance (0ms)
			ReleaseScriptingObjects (0ms)
			CreateAndSetChildDomain (0ms)
		EndReloadAssembly (296ms)
			LoadAssemblies (45ms)
			RebuildTransferFunctionScriptingTraits (0ms)
			SetupTypeCache (71ms)
			ReleaseScriptCaches (0ms)
			RebuildScriptCaches (15ms)
			SetupLoadedEditorAssemblies (178ms)
				LogAssemblyErrors (0ms)
				InitializePlatformSupportModulesInManaged (35ms)
				SetLoadedEditorAssemblies (0ms)
				RefreshPlugins (62ms)
				BeforeProcessingInitializeOnLoad (1ms)
				ProcessInitializeOnLoadAttributes (56ms)
				ProcessInitializeOnLoadMethodAttributes (25ms)
				AfterProcessingInitializeOnLoad (0ms)
				EditorAssembliesLoaded (0ms)
			ExecutionOrderSort2 (0ms)
			AwakeInstancesAfterBackupRestoration (0ms)
Platform modules already initialized, skipping
Registering precompiled user dll's ...
Registered in 0.005641 seconds.
Begin MonoManager ReloadAssembly
Symbol file LoadedFromMemory doesn't match image C:\Users\35498\OneDrive\Desktop\Team13-main\Library\PackageCache\com.unity.visualscripting@1.7.8\Editor\VisualScripting.Core\Dependencies\DotNetZip\Unity.VisualScripting.IonicZip.dll
Symbol file LoadedFromMemory doesn't match image C:\Users\35498\OneDrive\Desktop\Team13-main\Library\PackageCache\com.unity.visualscripting@1.7.8\Editor\VisualScripting.Core\Dependencies\YamlDotNet\Unity.VisualScripting.YamlDotNet.dll
Native extension for WindowsStandalone target not found
Native extension for Android target not found
Refreshing native plugins compatible for Editor in 70.65 ms, found 9 plugins.
Preloading 0 native plugins for Editor in 0.00 ms.
Package Manager log level set to [2]
Mono: successfully reloaded assembly
- Completed reload, in  0.875 seconds
Domain Reload Profiling:
	ReloadAssembly (875ms)
		BeginReloadAssembly (173ms)
			ExecutionOrderSort (0ms)
			DisableScriptedObjects (4ms)
			BackupInstance (0ms)
			ReleaseScriptingObjects (0ms)
			CreateAndSetChildDomain (120ms)
		EndReloadAssembly (636ms)
			LoadAssemblies (54ms)
			RebuildTransferFunctionScriptingTraits (0ms)
			SetupTypeCache (175ms)
			ReleaseScriptCaches (1ms)
			RebuildScriptCaches (33ms)
			SetupLoadedEditorAssemblies (342ms)
				LogAssemblyErrors (0ms)
				InitializePlatformSupportModulesInManaged (8ms)
				SetLoadedEditorAssemblies (0ms)
				RefreshPlugins (71ms)
				BeforeProcessingInitializeOnLoad (64ms)
				ProcessInitializeOnLoadAttributes (182ms)
				ProcessInitializeOnLoadMethodAttributes (14ms)
				AfterProcessingInitializeOnLoad (4ms)
				EditorAssembliesLoaded (0ms)
			ExecutionOrderSort2 (0ms)
			AwakeInstancesAfterBackupRestoration (4ms)
Platform modules already initialized, skipping
========================================================================
Worker process is ready to serve import requests
Launched and connected shader compiler UnityShaderCompiler.exe after 0.04 seconds
Refreshing native plugins compatible for Editor in 0.96 ms, found 9 plugins.
Preloading 0 native plugins for Editor in 0.00 ms.
Unloading 4351 Unused Serialized files (Serialized files now loaded: 0)
Unloading 52 unused Assets / (120.3 KB). Loaded Objects now: 4793.
Memory consumption went from 157.7 MB to 157.6 MB.
Total: 2.653000 ms (FindLiveObjects: 0.250900 ms CreateObjectMapping: 0.072400 ms MarkObjects: 2.252800 ms  DeleteObjects: 0.076400 ms)

AssetImportParameters requested are different than current active one (requested -> active):
  custom:video-decoder-ogg-theora: a1e56fd34408186e4bbccfd4996cb3dc -> 
  custom:container-muxer-webm: aa71ff27fc2769a1b78a27578f13a17b -> 
  custom:container-demuxer-webm: 4f35f7cbe854078d1ac9338744f61a02 -> 
  custom:video-encoder-webm-vp8: eb34c28f22e8b96e1ab97ce403110664 -> 
  custom:audio-encoder-webm-vorbis: bf7c407c2cedff20999df2af8eb42d56 -> 
  custom:framework-win-MediaFoundation: 216162199b28c13a410421893ffa2e32 -> 
  custom:container-demuxer-ogg: 62fdf1f143b41e24485cea50d1cbac27 -> 
  custom:video-decoder-webm-vp8: 9c59270c3fd7afecdb556c50c9e8de78 -> 
  custom:audio-decoder-ogg-vorbis: bf7c407c2cedff20999df2af8eb42d56 -> 
========================================================================
Received Import Request.
  Time since last request: 94417.120477 seconds.
  path: Assets/Scary Haunted House/Materials/alpha_at.mat
  artifactKey: Guid(376ca57a781095c42a546e738b0dfba2) Importer(815301076,1909f56bfc062723c751e8b465ee728b)
Start importing Assets/Scary Haunted House/Materials/alpha_at.mat using Guid(376ca57a781095c42a546e738b0dfba2) Importer(815301076,1909f56bfc062723c751e8b465ee728b)  -> (artifact id: 'bba3f31caeb70ad6311e2c16ae4c5738') in 0.084630 seconds 
========================================================================
Received Import Request.
  Time since last request: 0.000012 seconds.
  path: Assets/Scary Haunted House/Materials/moonless_golf_1k.exr
  artifactKey: Guid(048eff454bea0cb48abba97c3d578ef8) Importer(815301076,1909f56bfc062723c751e8b465ee728b)
Start importing Assets/Scary Haunted House/Materials/moonless_golf_1k.exr using Guid(048eff454bea0cb48abba97c3d578ef8) Importer(815301076,1909f56bfc062723c751e8b465ee728b)  -> (artifact id: '388b1256cd058921e837bc66af6906f7') in 0.016372 seconds 
========================================================================
Received Import Request.
  Time since last request: 0.000008 seconds.
  path: Assets/Scary Haunted House/Materials/house_atlas2_2_op.mat
  artifactKey: Guid(2b799752168a08143add23ae4bb5f4df) Importer(815301076,1909f56bfc062723c751e8b465ee728b)
Start importing Assets/Scary Haunted House/Materials/house_atlas2_2_op.mat using Guid(2b799752168a08143add23ae4bb5f4df) Importer(815301076,1909f56bfc062723c751e8b465ee728b)  -> (artifact id: '102997712b06a089fb4c4d455f52cab0') in 0.008073 seconds 
========================================================================
Received Import Request.
  Time since last request: 0.000008 seconds.
  path: Assets/Scary Haunted House/Materials/ground.mat
  artifactKey: Guid(4043637c0458c2a4b814c7cbd01d1df9) Importer(815301076,1909f56bfc062723c751e8b465ee728b)
Start importing Assets/Scary Haunted House/Materials/ground.mat using Guid(4043637c0458c2a4b814c7cbd01d1df9) Importer(815301076,1909f56bfc062723c751e8b465ee728b)  -> (artifact id: '90ad68edacbe720dfafee17cf2b0874f') in 0.006930 seconds 
========================================================================
Received Import Request.
  Time since last request: 0.000007 seconds.
  path: Assets/Scary Haunted House/Materials/house_props3.mat
  artifactKey: Guid(3b32cde6ac6025d4db41545ce33e793d) Importer(815301076,1909f56bfc062723c751e8b465ee728b)
Start importing Assets/Scary Haunted House/Materials/house_props3.mat using Guid(3b32cde6ac6025d4db41545ce33e793d) Importer(815301076,1909f56bfc062723c751e8b465ee728b)  -> (artifact id: 'f4645e175c9792990d1f0be0d3c91cd7') in 0.007314 seconds 
========================================================================
Received Import Request.
  Time since last request: 0.000009 seconds.
  path: Assets/Scary Haunted House/Materials/house_atlas.mat
  artifactKey: Guid(cc9dbb5ccc9ab4c4ca703659c97cc27b) Importer(815301076,1909f56bfc062723c751e8b465ee728b)
Start importing Assets/Scary Haunted House/Materials/house_atlas.mat using Guid(cc9dbb5ccc9ab4c4ca703659c97cc27b) Importer(815301076,1909f56bfc062723c751e8b465ee728b)  -> (artifact id: 'f04376af781345a6b6272aa6b1e5a9b4') in 0.009236 seconds 
========================================================================
Received Import Request.
  Time since last request: 1.273921 seconds.
  path: Assets/Scary Haunted House/fbx/ac.fbx
  artifactKey: Guid(7eb0cbe98aa2c524998fabdd0992a539) Importer(815301076,1909f56bfc062723c751e8b465ee728b)
Start importing Assets/Scary Haunted House/fbx/ac.fbx using Guid(7eb0cbe98aa2c524998fabdd0992a539) Importer(815301076,1909f56bfc062723c751e8b465ee728b)  -> (artifact id: 'b2c6786f922285ecfa4a2b605427ac8e') in 0.034279 seconds 
========================================================================
Received Import Request.
  Time since last request: 0.000013 seconds.
  path: Assets/Scary Haunted House/fbx/lights.fbx
  artifactKey: Guid(32e4a49e879ad064d92eafc4f1063c0f) Importer(815301076,1909f56bfc062723c751e8b465ee728b)
Start importing Assets/Scary Haunted House/fbx/lights.fbx using Guid(32e4a49e879ad064d92eafc4f1063c0f) Importer(815301076,1909f56bfc062723c751e8b465ee728b)  -> (artifact id: '9824614153f616908b4f8162c8cd760d') in 0.022652 seconds 
========================================================================
Received Import Request.
  Time since last request: 0.000012 seconds.
  path: Assets/Scary Haunted House/fbx/scary_house_TEX_N_EMB.fbx
  artifactKey: Guid(857a443b56955d54b8d6c46a0c950e2d) Importer(815301076,1909f56bfc062723c751e8b465ee728b)
Start importing Assets/Scary Haunted House/fbx/scary_house_TEX_N_EMB.fbx using Guid(857a443b56955d54b8d6c46a0c950e2d) Importer(815301076,1909f56bfc062723c751e8b465ee728b)  -> (artifact id: 'a8bedd98107c0ea0f1f58a8263d90ac0') in 0.999036 seconds 
========================================================================
Received Import Request.
  Time since last request: 0.000018 seconds.
  path: Assets/Scary Haunted House/fbx/shower_keypad_board.fbx
  artifactKey: Guid(1198f68f674d0c14d8308863131948a9) Importer(815301076,1909f56bfc062723c751e8b465ee728b)
Start importing Assets/Scary Haunted House/fbx/shower_keypad_board.fbx using Guid(1198f68f674d0c14d8308863131948a9) Importer(815301076,1909f56bfc062723c751e8b465ee728b)  -> (artifact id: '30088450da87f14a0f0b04aa85ff01c4') in 0.029265 seconds 
========================================================================
Received Import Request.
  Time since last request: 0.000022 seconds.
  path: Assets/Scary Haunted House/fbx/main gate.fbx
  artifactKey: Guid(864b4426bef9e2a47bc30b6c828c7c14) Importer(815301076,1909f56bfc062723c751e8b465ee728b)
Start importing Assets/Scary Haunted House/fbx/main gate.fbx using Guid(864b4426bef9e2a47bc30b6c828c7c14) Importer(815301076,1909f56bfc062723c751e8b465ee728b)  -> (artifact id: '543d2703bd56e377cacb1b58b43e47a2') in 0.019570 seconds 
========================================================================
Received Import Request.
  Time since last request: 0.000014 seconds.
  path: Assets/Scary Haunted House/fbx/lights2.fbx
  artifactKey: Guid(6929f7b266b6da44eaa756e190abdcc7) Importer(815301076,1909f56bfc062723c751e8b465ee728b)
Start importing Assets/Scary Haunted House/fbx/lights2.fbx using Guid(6929f7b266b6da44eaa756e190abdcc7) Importer(815301076,1909f56bfc062723c751e8b465ee728b)  -> (artifact id: 'dad04f16ea7545050ae6bf217c009f4a') in 0.038965 seconds 
========================================================================
Received Import Request.
  Time since last request: 0.000012 seconds.
  path: Assets/Scary Haunted House/fbx/plant001.fbx
  artifactKey: Guid(d73273d31dc788547863ac5232a0606e) Importer(815301076,1909f56bfc062723c751e8b465ee728b)
Start importing Assets/Scary Haunted House/fbx/plant001.fbx using Guid(d73273d31dc788547863ac5232a0606e) Importer(815301076,1909f56bfc062723c751e8b465ee728b)  -> (artifact id: '59c75389358bf3ec0d838628b8d544c9') in 0.024028 seconds 
========================================================================
Received Import Request.
  Time since last request: 0.000013 seconds.
  path: Assets/Scary Haunted House/fbx/fan.fbx
  artifactKey: Guid(292b76d62656bdc4aae8b59079582390) Importer(815301076,1909f56bfc062723c751e8b465ee728b)
Start importing Assets/Scary Haunted House/fbx/fan.fbx using Guid(292b76d62656bdc4aae8b59079582390) Importer(815301076,1909f56bfc062723c751e8b465ee728b)  -> (artifact id: 'b4bf5124b65bd73b8be134ad6f2eae49') in 0.019929 seconds 
========================================================================
Received Import Request.
  Time since last request: 0.000010 seconds.
  path: Assets/Scary Haunted House/fbx/table2.fbx
  artifactKey: Guid(1e02a730c7403c84db559c5ff75a730b) Importer(815301076,1909f56bfc062723c751e8b465ee728b)
Start importing Assets/Scary Haunted House/fbx/table2.fbx using Guid(1e02a730c7403c84db559c5ff75a730b) Importer(815301076,1909f56bfc062723c751e8b465ee728b)  -> (artifact id: '2e4f7b46a04ab23651ef868013b2487f') in 0.030816 seconds 
========================================================================
Received Import Request.
  Time since last request: 0.000013 seconds.
  path: Assets/Scary Haunted House/fbx/path_river.fbx
  artifactKey: Guid(4b373e69ec387f846b2f93fdf9b750d5) Importer(815301076,1909f56bfc062723c751e8b465ee728b)
Start importing Assets/Scary Haunted House/fbx/path_river.fbx using Guid(4b373e69ec387f846b2f93fdf9b750d5) Importer(815301076,1909f56bfc062723c751e8b465ee728b)  -> (artifact id: 'a0488fe99c053bc3c24f025964cc482a') in 0.026975 seconds 
========================================================================
Received Import Request.
  Time since last request: 0.000011 seconds.
  path: Assets/Scary Haunted House/fbx/book shelves.fbx
  artifactKey: Guid(83763bb70bdcb6649be2612f2f00c78e) Importer(815301076,1909f56bfc062723c751e8b465ee728b)
Start importing Assets/Scary Haunted House/fbx/book shelves.fbx using Guid(83763bb70bdcb6649be2612f2f00c78e) Importer(815301076,1909f56bfc062723c751e8b465ee728b)  -> (artifact id: '6b53ee5978cdd086eb12c6cbabfe6878') in 0.011777 seconds 
========================================================================
Received Import Request.
  Time since last request: 0.000009 seconds.
  path: Assets/Scary Haunted House/fbx/ground.fbx
  artifactKey: Guid(1c5d4bf53c89cc843bf83b56c0bda231) Importer(815301076,1909f56bfc062723c751e8b465ee728b)
Start importing Assets/Scary Haunted House/fbx/ground.fbx using Guid(1c5d4bf53c89cc843bf83b56c0bda231) Importer(815301076,1909f56bfc062723c751e8b465ee728b)  -> (artifact id: '72ad1aaa5dac9e8bda4674309579dfc5') in 0.011967 seconds 
========================================================================
Received Import Request.
  Time since last request: 0.000014 seconds.
  path: Assets/Scary Haunted House/fbx/bed_shelves.fbx
  artifactKey: Guid(b65fb8d175cc20e4d81e2e2e514602e5) Importer(815301076,1909f56bfc062723c751e8b465ee728b)
Start importing Assets/Scary Haunted House/fbx/bed_shelves.fbx using Guid(b65fb8d175cc20e4d81e2e2e514602e5) Importer(815301076,1909f56bfc062723c751e8b465ee728b)  -> (artifact id: '55811f8b09bcb775f7901f8fbc9474b7') in 0.031482 seconds 
========================================================================
Received Import Request.
  Time since last request: 0.000021 seconds.
  path: Assets/Scary Haunted House/fbx/tennis_fence.fbx
  artifactKey: Guid(dfcf078f74368684d8f47127629e4cf3) Importer(815301076,1909f56bfc062723c751e8b465ee728b)
Start importing Assets/Scary Haunted House/fbx/tennis_fence.fbx using Guid(dfcf078f74368684d8f47127629e4cf3) Importer(815301076,1909f56bfc062723c751e8b465ee728b)  -> (artifact id: '650bf27eab49887ad265f159a6543d14') in 0.021980 seconds 
========================================================================
Received Import Request.
  Time since last request: 0.000011 seconds.
  path: Assets/Scary Haunted House/fbx/bridge.fbx
  artifactKey: Guid(0d46f933106f6704889586fe8979d642) Importer(815301076,1909f56bfc062723c751e8b465ee728b)
Start importing Assets/Scary Haunted House/fbx/bridge.fbx using Guid(0d46f933106f6704889586fe8979d642) Importer(815301076,1909f56bfc062723c751e8b465ee728b)  -> (artifact id: 'aaeeb99cad65d13bf552d3c382665771') in 0.017271 seconds 
========================================================================
Received Import Request.
  Time since last request: 0.000012 seconds.
  path: Assets/Scary Haunted House/fbx/plant002.fbx
  artifactKey: Guid(a16cef51f1e355e4094fde271a88c457) Importer(815301076,1909f56bfc062723c751e8b465ee728b)
Start importing Assets/Scary Haunted House/fbx/plant002.fbx using Guid(a16cef51f1e355e4094fde271a88c457) Importer(815301076,1909f56bfc062723c751e8b465ee728b)  -> (artifact id: '333120863dc9f0335a71fc31616d5378') in 0.025263 seconds 
========================================================================
Received Import Request.
  Time since last request: 0.000014 seconds.
  path: Assets/Scary Haunted House/fbx/clock_decore_pully.fbx
  artifactKey: Guid(3ef3210327d58b1499bdbde100708158) Importer(815301076,1909f56bfc062723c751e8b465ee728b)
Start importing Assets/Scary Haunted House/fbx/clock_decore_pully.fbx using Guid(3ef3210327d58b1499bdbde100708158) Importer(815301076,1909f56bfc062723c751e8b465ee728b)  -> (artifact id: 'add4854b8b6fa7b33709c0c8561ee043') in 0.032546 seconds 
========================================================================
Received Import Request.
  Time since last request: 43.883429 seconds.
  path: Assets/Scary Haunted House/fbx/washroom.fbx
  artifactKey: Guid(ff0e8e87e8ad85b4f92660b24aeebaa6) Importer(815301076,1909f56bfc062723c751e8b465ee728b)
Start importing Assets/Scary Haunted House/fbx/washroom.fbx using Guid(ff0e8e87e8ad85b4f92660b24aeebaa6) Importer(815301076,1909f56bfc062723c751e8b465ee728b)  -> (artifact id: '2b591e2d40d6ef9952513ae056384b63') in 0.020640 seconds 
========================================================================
Received Import Request.
  Time since last request: 61.008833 seconds.
  path: Assets/Scenes/SampleScene/LightingData.asset
  artifactKey: Guid(6c5e1902f1506b24c988da01358d2223) Importer(815301076,1909f56bfc062723c751e8b465ee728b)
Start importing Assets/Scenes/SampleScene/LightingData.asset using Guid(6c5e1902f1506b24c988da01358d2223) Importer(815301076,1909f56bfc062723c751e8b465ee728b)  -> (artifact id: '9c90d4c72e0427e37111450ca93ae81f') in 0.007651 seconds 
========================================================================
Received Import Request.
  Time since last request: 0.000560 seconds.
  path: Assets/Scenes/SampleScene/Lightmap-2_comp_dir.png
  artifactKey: Guid(d5ba41c45bef6a841a49f8b763072928) Importer(815301076,1909f56bfc062723c751e8b465ee728b)
Start importing Assets/Scenes/SampleScene/Lightmap-2_comp_dir.png using Guid(d5ba41c45bef6a841a49f8b763072928) Importer(815301076,1909f56bfc062723c751e8b465ee728b)  -> (artifact id: 'b7acd756d0ea7099c25bce533d32a7de') in 0.028486 seconds 
========================================================================
Received Import Request.
  Time since last request: 0.000035 seconds.
  path: Assets/Scenes/SampleScene/Lightmap-8_comp_dir.png
  artifactKey: Guid(db78060c4d653c4459add4e876335b5f) Importer(815301076,1909f56bfc062723c751e8b465ee728b)
Start importing Assets/Scenes/SampleScene/Lightmap-8_comp_dir.png using Guid(db78060c4d653c4459add4e876335b5f) Importer(815301076,1909f56bfc062723c751e8b465ee728b)  -> (artifact id: '279f19195514aa7f6310e108131ef258') in 0.007860 seconds 
========================================================================
Received Import Request.
  Time since last request: 0.000014 seconds.
  path: Assets/Scenes/SampleScene/Lightmap-12_comp_dir.png
  artifactKey: Guid(4fa5d722c6d493d4fa995e392ab620c5) Importer(815301076,1909f56bfc062723c751e8b465ee728b)
Start importing Assets/Scenes/SampleScene/Lightmap-12_comp_dir.png using Guid(4fa5d722c6d493d4fa995e392ab620c5) Importer(815301076,1909f56bfc062723c751e8b465ee728b)  -> (artifact id: '4ab5f387d071ac07b5b23c9cd4eaf70e') in 0.007382 seconds 
========================================================================
Received Import Request.
  Time since last request: 0.000016 seconds.
  path: Assets/Scenes/SampleScene/Lightmap-13_comp_dir.png
  artifactKey: Guid(d4b659f3c7feca1498fa3b52447fa0f9) Importer(815301076,1909f56bfc062723c751e8b465ee728b)
Start importing Assets/Scenes/SampleScene/Lightmap-13_comp_dir.png using Guid(d4b659f3c7feca1498fa3b52447fa0f9) Importer(815301076,1909f56bfc062723c751e8b465ee728b)  -> (artifact id: 'dc6149733d4a04c3d9644ff047f37b04') in 0.007802 seconds 
========================================================================
Received Import Request.
  Time since last request: 0.000012 seconds.
  path: Assets/Scenes/SampleScene/Lightmap-12_comp_light.exr
  artifactKey: Guid(7ec2a672a11fdd34ca9850620b0491cf) Importer(815301076,1909f56bfc062723c751e8b465ee728b)
Start importing Assets/Scenes/SampleScene/Lightmap-12_comp_light.exr using Guid(7ec2a672a11fdd34ca9850620b0491cf) Importer(815301076,1909f56bfc062723c751e8b465ee728b)  -> (artifact id: '2ff0bae01532589ba1310335d10f19fd') in 0.008454 seconds 
========================================================================
Received Import Request.
  Time since last request: 0.000008 seconds.
  path: Assets/Scenes/SampleScene/Lightmap-10_comp_light.exr
  artifactKey: Guid(b86538b9e0f22f34f935a65df35ec0df) Importer(815301076,1909f56bfc062723c751e8b465ee728b)
Start importing Assets/Scenes/SampleScene/Lightmap-10_comp_light.exr using Guid(b86538b9e0f22f34f935a65df35ec0df) Importer(815301076,1909f56bfc062723c751e8b465ee728b)  -> (artifact id: 'f5e7bc0c44b0eb11465d972916a5383c') in 0.007350 seconds 
========================================================================
Received Import Request.
  Time since last request: 0.000009 seconds.
  path: Assets/Scenes/SampleScene/Lightmap-2_comp_light.exr
  artifactKey: Guid(de31e66884c3d7345b3db1ca335411fc) Importer(815301076,1909f56bfc062723c751e8b465ee728b)
Start importing Assets/Scenes/SampleScene/Lightmap-2_comp_light.exr using Guid(de31e66884c3d7345b3db1ca335411fc) Importer(815301076,1909f56bfc062723c751e8b465ee728b)  -> (artifact id: '3005cddcd4b91f122e2872f570349b05') in 0.006828 seconds 
========================================================================
Received Import Request.
  Time since last request: 0.000008 seconds.
  path: Assets/Scenes/SampleScene/Lightmap-1_comp_light.exr
  artifactKey: Guid(e28ebba8f38fba0439047b252b87a8f4) Importer(815301076,1909f56bfc062723c751e8b465ee728b)
Start importing Assets/Scenes/SampleScene/Lightmap-1_comp_light.exr using Guid(e28ebba8f38fba0439047b252b87a8f4) Importer(815301076,1909f56bfc062723c751e8b465ee728b)  -> (artifact id: '7451725a5e1f039f2fb3a7ea78686eb1') in 0.007836 seconds 
========================================================================
Received Import Request.
  Time since last request: 0.000010 seconds.
  path: Assets/Scenes/SampleScene/Lightmap-11_comp_light.exr
  artifactKey: Guid(5a3fbcec335ac0c4a93e7fb6b7073e05) Importer(815301076,1909f56bfc062723c751e8b465ee728b)
Start importing Assets/Scenes/SampleScene/Lightmap-11_comp_light.exr using Guid(5a3fbcec335ac0c4a93e7fb6b7073e05) Importer(815301076,1909f56bfc062723c751e8b465ee728b)  -> (artifact id: '184fb70075f0d71856697b5634cbc123') in 0.008038 seconds 
========================================================================
Received Import Request.
  Time since last request: 0.000011 seconds.
  path: Assets/Scenes/SampleScene/Lightmap-1_comp_dir.png
  artifactKey: Guid(378ac67fb5faf0748a11fc8c0de01ffb) Importer(815301076,1909f56bfc062723c751e8b465ee728b)
Start importing Assets/Scenes/SampleScene/Lightmap-1_comp_dir.png using Guid(378ac67fb5faf0748a11fc8c0de01ffb) Importer(815301076,1909f56bfc062723c751e8b465ee728b)  -> (artifact id: '8ab18f9d9774a3ff143c9892933d6725') in 0.007217 seconds 
========================================================================
Received Import Request.
  Time since last request: 0.000009 seconds.
  path: Assets/Scenes/SampleScene/Lightmap-4_comp_light.exr
  artifactKey: Guid(0ef23efa272e92247878453732a84c8e) Importer(815301076,1909f56bfc062723c751e8b465ee728b)
Start importing Assets/Scenes/SampleScene/Lightmap-4_comp_light.exr using Guid(0ef23efa272e92247878453732a84c8e) Importer(815301076,1909f56bfc062723c751e8b465ee728b)  -> (artifact id: '245c643ea09efaa11de986ed7a8155ab') in 0.007085 seconds 
========================================================================
Received Import Request.
  Time since last request: 0.000008 seconds.
  path: Assets/Scenes/SampleScene/Lightmap-3_comp_dir.png
  artifactKey: Guid(36f375207ddb8a64199d9b7ec807a407) Importer(815301076,1909f56bfc062723c751e8b465ee728b)
Start importing Assets/Scenes/SampleScene/Lightmap-3_comp_dir.png using Guid(36f375207ddb8a64199d9b7ec807a407) Importer(815301076,1909f56bfc062723c751e8b465ee728b)  -> (artifact id: '2861711a8788ef365de22ec3ef3bab52') in 0.006579 seconds 
========================================================================
Received Import Request.
  Time since last request: 0.000010 seconds.
  path: Assets/Scenes/SampleScene/Lightmap-3_comp_light.exr
  artifactKey: Guid(73f629594e0301140a0563f8147ce0fb) Importer(815301076,1909f56bfc062723c751e8b465ee728b)
Start importing Assets/Scenes/SampleScene/Lightmap-3_comp_light.exr using Guid(73f629594e0301140a0563f8147ce0fb) Importer(815301076,1909f56bfc062723c751e8b465ee728b)  -> (artifact id: '1168b4c3d9a19d7e39e403e9074d6df0') in 0.006691 seconds 
========================================================================
Received Import Request.
  Time since last request: 0.000010 seconds.
  path: Assets/Scenes/SampleScene/Lightmap-9_comp_dir.png
  artifactKey: Guid(4eefc1013eeb3e94da60b9c9a714f6ca) Importer(815301076,1909f56bfc062723c751e8b465ee728b)
Start importing Assets/Scenes/SampleScene/Lightmap-9_comp_dir.png using Guid(4eefc1013eeb3e94da60b9c9a714f6ca) Importer(815301076,1909f56bfc062723c751e8b465ee728b)  -> (artifact id: '04d64ba14a608997bc300c86687ad072') in 0.007019 seconds 
========================================================================
Received Import Request.
  Time since last request: 0.000008 seconds.
  path: Assets/Scenes/SampleScene/Lightmap-14_comp_dir.png
  artifactKey: Guid(720b7b5a43c1ea14ca7e0dcb6aa58655) Importer(815301076,1909f56bfc062723c751e8b465ee728b)
Start importing Assets/Scenes/SampleScene/Lightmap-14_comp_dir.png using Guid(720b7b5a43c1ea14ca7e0dcb6aa58655) Importer(815301076,1909f56bfc062723c751e8b465ee728b)  -> (artifact id: '304cfd5c28886d3bcda0fdb478525d40') in 0.006655 seconds 
========================================================================
Received Import Request.
  Time since last request: 0.000009 seconds.
  path: Assets/Scenes/SampleScene/Lightmap-10_comp_dir.png
  artifactKey: Guid(d6b79c1c6cf0b674792fc211b2db7c39) Importer(815301076,1909f56bfc062723c751e8b465ee728b)
Start importing Assets/Scenes/SampleScene/Lightmap-10_comp_dir.png using Guid(d6b79c1c6cf0b674792fc211b2db7c39) Importer(815301076,1909f56bfc062723c751e8b465ee728b)  -> (artifact id: '52a9c9f9585f0a5a2687a7fe2831c685') in 0.006404 seconds 
========================================================================
Received Import Request.
  Time since last request: 12.039627 seconds.
  path: Packages/com.google.xr.cardboard/Runtime/Prefabs/CardboardReticlePointer.prefab
  artifactKey: Guid(15fcd94adb15b48f7bb4a80622ae7046) Importer(815301076,1909f56bfc062723c751e8b465ee728b)
Start importing Packages/com.google.xr.cardboard/Runtime/Prefabs/CardboardReticlePointer.prefab using Guid(15fcd94adb15b48f7bb4a80622ae7046) Importer(815301076,1909f56bfc062723c751e8b465ee728b)  -> (artifact id: '9dab5af6bd669891be6bcb46b5c0bf7e') in 0.008731 seconds 
========================================================================
Received Import Request.
  Time since last request: 2.002661 seconds.
  path: Assets/TextMesh Pro/Examples & Extras/Prefabs/Text Popup.prefab
  artifactKey: Guid(b06f0e6c1dfa4356ac918da1bb32c603) Importer(815301076,1909f56bfc062723c751e8b465ee728b)
Start importing Assets/TextMesh Pro/Examples & Extras/Prefabs/Text Popup.prefab using Guid(b06f0e6c1dfa4356ac918da1bb32c603) Importer(815301076,1909f56bfc062723c751e8b465ee728b)  -> (artifact id: 'b6a81c83c0bf97e61d58840f8740853a') in 0.029740 seconds 
========================================================================
Received Import Request.
  Time since last request: 0.066365 seconds.
  path: Assets/MiLabCardboardExtension/Prefabs/XRCardboardRig.prefab
  artifactKey: Guid(186741bf17cbb0e4fa3ef06daa1f190f) Importer(815301076,1909f56bfc062723c751e8b465ee728b)
Start importing Assets/MiLabCardboardExtension/Prefabs/XRCardboardRig.prefab using Guid(186741bf17cbb0e4fa3ef06daa1f190f) Importer(815301076,1909f56bfc062723c751e8b465ee728b)  -> (artifact id: '56b944c4c408b7aaec5f834d0054870e') in 0.010207 seconds 
