Unity Editor version:    2021.3.16f1 (4016570cf34f)
Branch:                  2021.3/evg/staging/82bb020e-b03b1330/draft-0
Build type:              Release
Batch mode:              YES
macOS version:           Version 14.3 (Build 23D56)
Darwin version:          23.3.0
Architecture:            arm64
Running under Rosetta:   NO
Available memory:        36864 MB
Using pre-set license
Pro License: YES

COMMAND LINE ARGUMENTS:
/Applications/Unity/Hub/Editor/2021.3.16f1/Unity.app/Contents/MacOS/Unity
-adb2
-batchMode
-noUpm
-name
AssetImportWorker0
-projectPath
/Users/Master/Documents/GitHub/Team13
-logFile
Logs/AssetImportWorker0.log
-srvPort
50702
Successfully changed project path to: /Users/Master/Documents/GitHub/Team13
/Users/Master/Documents/GitHub/Team13
[UnityMemory] Configuration Parameters - Can be set up in boot.config
    "memorysetup-bucket-allocator-granularity=16"
    "memorysetup-bucket-allocator-bucket-count=8"
    "memorysetup-bucket-allocator-block-size=33554432"
    "memorysetup-bucket-allocator-block-count=8"
    "memorysetup-main-allocator-block-size=16777216"
    "memorysetup-thread-allocator-block-size=16777216"
    "memorysetup-gfx-main-allocator-block-size=16777216"
    "memorysetup-gfx-thread-allocator-block-size=16777216"
    "memorysetup-cache-allocator-block-size=4194304"
    "memorysetup-typetree-allocator-block-size=2097152"
    "memorysetup-profiler-bucket-allocator-granularity=16"
    "memorysetup-profiler-bucket-allocator-bucket-count=8"
    "memorysetup-profiler-bucket-allocator-block-size=33554432"
    "memorysetup-profiler-bucket-allocator-block-count=8"
    "memorysetup-profiler-allocator-block-size=16777216"
    "memorysetup-profiler-editor-allocator-block-size=1048576"
    "memorysetup-temp-allocator-size-main=16777216"
    "memorysetup-job-temp-allocator-block-size=2097152"
    "memorysetup-job-temp-allocator-block-size-background=1048576"
    "memorysetup-job-temp-allocator-reduction-small-platforms=262144"
    "memorysetup-temp-allocator-size-background-worker=32768"
    "memorysetup-temp-allocator-size-job-worker=262144"
    "memorysetup-temp-allocator-size-preload-manager=33554432"
    "memorysetup-temp-allocator-size-nav-mesh-worker=65536"
    "memorysetup-temp-allocator-size-audio-worker=65536"
    "memorysetup-temp-allocator-size-cloud-worker=32768"
    "memorysetup-temp-allocator-size-gi-baking-worker=262144"
    "memorysetup-temp-allocator-size-gfx=262144"
Player connection [8050940992] Host "[IP] 169.254.37.204 [Port] 0 [Flags] 2 [Guid] 1091141464 [EditorId] 1091141464 [Version] 1048832 [Id] OSXEditor(0,naniwas-MacBook-Pro.local) [Debug] 1 [PackageName] OSXEditor [ProjectName] Editor" joined multi-casting on [225.0.0.222:54997]...

Player connection [8050940992] Host "[IP] 169.254.37.204 [Port] 0 [Flags] 2 [Guid] 1091141464 [EditorId] 1091141464 [Version] 1048832 [Id] OSXEditor(0,naniwas-MacBook-Pro.local) [Debug] 1 [PackageName] OSXEditor [ProjectName] Editor" joined alternative multi-casting on [225.0.0.222:34997]...

Refreshing native plugins compatible for Editor in 53.19 ms, found 2 plugins.
Preloading 0 native plugins for Editor in 0.00 ms.
Initialize engine version: 2021.3.16f1 (4016570cf34f)
[Subsystems] Discovering subsystems at path /Applications/Unity/Hub/Editor/2021.3.16f1/Unity.app/Contents/Resources/UnitySubsystems
[Subsystems] Discovering subsystems at path /Users/Master/Documents/GitHub/Team13/Assets
GfxDevice: creating device client; threaded=0; jobified=0
 preferred device: Apple M3 Max (high power)
Metal devices available: 1
0: Apple M3 Max (high power)
Using device Apple M3 Max (high power)
Initializing Metal device caps: Apple M3 Max
Initialize mono
Mono path[0] = '/Applications/Unity/Hub/Editor/2021.3.16f1/Unity.app/Contents/Managed'
Mono path[1] = '/Applications/Unity/Hub/Editor/2021.3.16f1/Unity.app/Contents/MonoBleedingEdge/lib/mono/unityjit-macos'
Mono config path = '/Applications/Unity/Hub/Editor/2021.3.16f1/Unity.app/Contents/MonoBleedingEdge/etc'
Using monoOptions --debugger-agent=transport=dt_socket,embedding=1,server=y,suspend=n,address=127.0.0.1:56219
Begin MonoManager ReloadAssembly
Registering precompiled unity dll's ...
Register platform support module: /Applications/Unity/Hub/Editor/2021.3.16f1/Unity.app/Contents/PlaybackEngines/MacStandaloneSupport/UnityEditor.OSXStandalone.Extensions.dll
Register platform support module: /Applications/Unity/Hub/Editor/2021.3.16f1/PlaybackEngines/AndroidPlayer/UnityEditor.Android.Extensions.dll
Register platform support module: /Applications/Unity/Hub/Editor/2021.3.16f1/PlaybackEngines/iOSSupport/UnityEditor.iOS.Extensions.dll
Registered in 0.000476 seconds.
[usbmuxd] Start listen thread
[usbmuxd] Listen thread started
[usbmuxd] Send listen message
Native extension for iOS target not found
[usbmuxd] Attached: 1 00008110-000E04200C13801E
Native extension for Android target not found
Native extension for OSXStandalone target not found
Refreshing native plugins compatible for Editor in 52.27 ms, found 2 plugins.
Preloading 0 native plugins for Editor in 0.00 ms.
Mono: successfully reloaded assembly
- Completed reload, in  0.306 seconds
Domain Reload Profiling:
	ReloadAssembly (306ms)
		BeginReloadAssembly (19ms)
			ExecutionOrderSort (0ms)
			DisableScriptedObjects (0ms)
			BackupInstance (0ms)
			ReleaseScriptingObjects (0ms)
			CreateAndSetChildDomain (0ms)
		EndReloadAssembly (240ms)
			LoadAssemblies (19ms)
			RebuildTransferFunctionScriptingTraits (0ms)
			SetupTypeCache (50ms)
			ReleaseScriptCaches (0ms)
			RebuildScriptCaches (13ms)
			SetupLoadedEditorAssemblies (158ms)
				LogAssemblyErrors (0ms)
				InitializePlatformSupportModulesInManaged (53ms)
				SetLoadedEditorAssemblies (0ms)
				RefreshPlugins (52ms)
				BeforeProcessingInitializeOnLoad (0ms)
				ProcessInitializeOnLoadAttributes (34ms)
				ProcessInitializeOnLoadMethodAttributes (18ms)
				AfterProcessingInitializeOnLoad (0ms)
				EditorAssembliesLoaded (0ms)
			ExecutionOrderSort2 (0ms)
			AwakeInstancesAfterBackupRestoration (0ms)
Platform modules already initialized, skipping
Registering precompiled user dll's ...
Registered in 0.001663 seconds.
Begin MonoManager ReloadAssembly
Symbol file LoadedFromMemory doesn't match image /Users/Master/Documents/GitHub/Team13/Library/PackageCache/com.unity.visualscripting@1.7.8/Editor/VisualScripting.Core/Dependencies/DotNetZip/Unity.VisualScripting.IonicZip.dll
Symbol file LoadedFromMemory doesn't match image /Users/Master/Documents/GitHub/Team13/Library/PackageCache/com.unity.visualscripting@1.7.8/Editor/VisualScripting.Core/Dependencies/YamlDotNet/Unity.VisualScripting.YamlDotNet.dll
Native extension for iOS target not found
Native extension for Android target not found
Native extension for OSXStandalone target not found
Refreshing native plugins compatible for Editor in 51.92 ms, found 2 plugins.
Preloading 0 native plugins for Editor in 0.00 ms.
Package Manager log level set to [2]
Mono: successfully reloaded assembly
- Completed reload, in  0.648 seconds
Domain Reload Profiling:
	ReloadAssembly (648ms)
		BeginReloadAssembly (146ms)
			ExecutionOrderSort (0ms)
			DisableScriptedObjects (2ms)
			BackupInstance (0ms)
			ReleaseScriptingObjects (0ms)
			CreateAndSetChildDomain (117ms)
		EndReloadAssembly (449ms)
			LoadAssemblies (25ms)
			RebuildTransferFunctionScriptingTraits (0ms)
			SetupTypeCache (137ms)
			ReleaseScriptCaches (0ms)
			RebuildScriptCaches (28ms)
			SetupLoadedEditorAssemblies (236ms)
				LogAssemblyErrors (0ms)
				InitializePlatformSupportModulesInManaged (11ms)
				SetLoadedEditorAssemblies (0ms)
				RefreshPlugins (52ms)
				BeforeProcessingInitializeOnLoad (43ms)
				ProcessInitializeOnLoadAttributes (121ms)
				ProcessInitializeOnLoadMethodAttributes (9ms)
				AfterProcessingInitializeOnLoad (1ms)
				EditorAssembliesLoaded (0ms)
			ExecutionOrderSort2 (0ms)
			AwakeInstancesAfterBackupRestoration (1ms)
Platform modules already initialized, skipping
========================================================================
Worker process is ready to serve import requests
Launching external process: /Applications/Unity/Hub/Editor/2021.3.16f1/Unity.app/Contents/Tools/UnityShaderCompiler
Launched and connected shader compiler UnityShaderCompiler after 0.03 seconds
Refreshing native plugins compatible for Editor in 0.36 ms, found 2 plugins.
Preloading 0 native plugins for Editor in 0.00 ms.
Unloading 4351 Unused Serialized files (Serialized files now loaded: 0)
Unloading 54 unused Assets / (104.9 KB). Loaded Objects now: 4794.
Memory consumption went from 152.1 MB to 152.0 MB.
Total: 2.266167 ms (FindLiveObjects: 0.098792 ms CreateObjectMapping: 0.038458 ms MarkObjects: 2.037375 ms  DeleteObjects: 0.091084 ms)

AssetImportParameters requested are different than current active one (requested -> active):
  custom:video-decoder-ogg-theora: a1e56fd34408186e4bbccfd4996cb3dc -> 
  custom:container-muxer-webm: aa71ff27fc2769a1b78a27578f13a17b -> 
  custom:container-demuxer-webm: 4f35f7cbe854078d1ac9338744f61a02 -> 
  custom:video-encoder-webm-vp8: eb34c28f22e8b96e1ab97ce403110664 -> 
  custom:framework-osx-AVFoundation: e770b220cccbd017edd2c1fefb359320 -> 
  custom:audio-encoder-webm-vorbis: bf7c407c2cedff20999df2af8eb42d56 -> 
  custom:container-demuxer-ogg: 62fdf1f143b41e24485cea50d1cbac27 -> 
  custom:video-decoder-webm-vp8: 9c59270c3fd7afecdb556c50c9e8de78 -> 
  custom:audio-decoder-ogg-vorbis: bf7c407c2cedff20999df2af8eb42d56 -> 
========================================================================
Received Import Request.
  Time since last request: 10808.674423 seconds.
  path: Assets/Prefabs/scary_house_TEX_N_EMB.prefab
  artifactKey: Guid(48e2751f1145549d2b3ad0a259b01524) Importer(815301076,1909f56bfc062723c751e8b465ee728b)
Start importing Assets/Prefabs/scary_house_TEX_N_EMB.prefab using Guid(48e2751f1145549d2b3ad0a259b01524) Importer(815301076,1909f56bfc062723c751e8b465ee728b)  -> (artifact id: '1271ef994d5dac330ab41570ee712995') in 0.053977 seconds 
========================================================================
Received Import Request.
  Time since last request: 75.034718 seconds.
  path: Assets/Models
  artifactKey: Guid(170753c304b8346ec83f252b42a4ba37) Importer(815301076,1909f56bfc062723c751e8b465ee728b)
Start importing Assets/Models using Guid(170753c304b8346ec83f252b42a4ba37) Importer(815301076,1909f56bfc062723c751e8b465ee728b)  -> (artifact id: 'c83c61ca97bd8f053156cefec08eedd7') in 0.001551 seconds 
========================================================================
Received Import Request.
  Time since last request: 0.047387 seconds.
  path: Assets/Models/BG.FBX
  artifactKey: Guid(ad3884a7346206c48adb7fd5fe299125) Importer(815301076,1909f56bfc062723c751e8b465ee728b)
Start importing Assets/Models/BG.FBX using Guid(ad3884a7346206c48adb7fd5fe299125) Importer(815301076,1909f56bfc062723c751e8b465ee728b)  -> (artifact id: '2c455978629b693694785238cc8be654') in 0.128031 seconds 
========================================================================
Received Import Request.
  Time since last request: 0.000050 seconds.
  path: Assets/Models/Hat2.FBX
  artifactKey: Guid(1f5b2ee396fce3a4fb2cce2bdf28cc25) Importer(815301076,1909f56bfc062723c751e8b465ee728b)
Start importing Assets/Models/Hat2.FBX using Guid(1f5b2ee396fce3a4fb2cce2bdf28cc25) Importer(815301076,1909f56bfc062723c751e8b465ee728b)  -> (artifact id: '69ab9137f8affc324cd603362438c792') in 0.041591 seconds 
========================================================================
Received Import Request.
  Time since last request: 0.000036 seconds.
  path: Assets/Models/Hat.FBX
  artifactKey: Guid(917205b54fe10b946991cb48252b8904) Importer(815301076,1909f56bfc062723c751e8b465ee728b)
Start importing Assets/Models/Hat.FBX using Guid(917205b54fe10b946991cb48252b8904) Importer(815301076,1909f56bfc062723c751e8b465ee728b)  -> (artifact id: '2e46cce7da93e75bff76145d7127de3e') in 0.008906 seconds 
========================================================================
Received Import Request.
  Time since last request: 0.000041 seconds.
  path: Assets/Models/Peasant.FBX
  artifactKey: Guid(5901170471fff854ba1573a621b81dd8) Importer(815301076,1909f56bfc062723c751e8b465ee728b)
Start importing Assets/Models/Peasant.FBX using Guid(5901170471fff854ba1573a621b81dd8) Importer(815301076,1909f56bfc062723c751e8b465ee728b)  -> (artifact id: '724366db9c158c1e5f0099bccc851cb0') in 0.039239 seconds 
========================================================================
Received Import Request.
  Time since last request: 0.000042 seconds.
  path: Assets/Models/Farmer.FBX
  artifactKey: Guid(327c913e4c3795945ba752e198ca5e76) Importer(815301076,1909f56bfc062723c751e8b465ee728b)
Start importing Assets/Models/Farmer.FBX using Guid(327c913e4c3795945ba752e198ca5e76) Importer(815301076,1909f56bfc062723c751e8b465ee728b)  -> (artifact id: 'e53516c4648ac67978f58986987b5379') in 0.018286 seconds 
========================================================================
Received Import Request.
  Time since last request: 6.339974 seconds.
  path: Assets/Models/Materials/EYES.mat
  artifactKey: Guid(bedf11a7006a95c4a8e1a049773974ca) Importer(815301076,1909f56bfc062723c751e8b465ee728b)
Start importing Assets/Models/Materials/EYES.mat using Guid(bedf11a7006a95c4a8e1a049773974ca) Importer(815301076,1909f56bfc062723c751e8b465ee728b)  -> (artifact id: '4e4ba9bb1843a980bcc9c1f2cac785c3') in 0.053835 seconds 
========================================================================
Received Import Request.
  Time since last request: 0.000053 seconds.
  path: Assets/Models/Materials/HAT.mat
  artifactKey: Guid(ce74e8341c20c87499244bce812a0b29) Importer(815301076,1909f56bfc062723c751e8b465ee728b)
Start importing Assets/Models/Materials/HAT.mat using Guid(ce74e8341c20c87499244bce812a0b29) Importer(815301076,1909f56bfc062723c751e8b465ee728b)  -> (artifact id: '576d3ce5a1689d1ada4992a804ace855') in 0.004997 seconds 
========================================================================
Received Import Request.
  Time since last request: 0.000031 seconds.
  path: Assets/Models/Materials/Peasant Damage.mat
  artifactKey: Guid(f9ef9e4f5cd3c6343913010285360a99) Importer(815301076,1909f56bfc062723c751e8b465ee728b)
Start importing Assets/Models/Materials/Peasant Damage.mat using Guid(f9ef9e4f5cd3c6343913010285360a99) Importer(815301076,1909f56bfc062723c751e8b465ee728b)  -> (artifact id: '7017ec65d42cc32f53778312910f0e6f') in 0.004434 seconds 
Editor requested this worker to shutdown with reason: Scaling down because of idle timeout
AssetImportWorker is now disconnected from the server
Process exiting
