Using pre-set license
Built from '2021.3/evg/staging/82bb020e-b03b1330/draft-0' branch; Version is '2021.3.16f1 (4016570cf34f) revision 4200023'; Using compiler version '192829333'; Build Type 'Release'
OS: 'Windows 11  (10.0.22631) 64bit ProfessionalN' Language: 'zh' Physical Memory: 31895 MB
BatchMode: 1, IsHumanControllingUs: 0, StartBugReporterOnCrash: 0, Is64bit: 1, IsPro: 1

COMMAND LINE ARGUMENTS:
C:\Program Files\Unity\Hub\Editor\2021.3.16f1\Editor\Unity.exe
-adb2
-batchMode
-noUpm
-name
AssetImportWorker6
-projectPath
C:/Users/35498/OneDrive/Desktop/Team13-main
-logFile
Logs/AssetImportWorker6.log
-srvPort
60816
Successfully changed project path to: C:/Users/35498/OneDrive/Desktop/Team13-main
C:/Users/35498/OneDrive/Desktop/Team13-main
[UnityMemory] Configuration Parameters - Can be set up in boot.config
    "memorysetup-bucket-allocator-granularity=16"
    "memorysetup-bucket-allocator-bucket-count=8"
    "memorysetup-bucket-allocator-block-size=33554432"
    "memorysetup-bucket-allocator-block-count=8"
    "memorysetup-main-allocator-block-size=16777216"
    "memorysetup-thread-allocator-block-size=16777216"
    "memorysetup-gfx-main-allocator-block-size=16777216"
    "memorysetup-gfx-thread-allocator-block-size=16777216"
    "memorysetup-cache-allocator-block-size=4194304"
    "memorysetup-typetree-allocator-block-size=2097152"
    "memorysetup-profiler-bucket-allocator-granularity=16"
    "memorysetup-profiler-bucket-allocator-bucket-count=8"
    "memorysetup-profiler-bucket-allocator-block-size=33554432"
    "memorysetup-profiler-bucket-allocator-block-count=8"
    "memorysetup-profiler-allocator-block-size=16777216"
    "memorysetup-profiler-editor-allocator-block-size=1048576"
    "memorysetup-temp-allocator-size-main=16777216"
    "memorysetup-job-temp-allocator-block-size=2097152"
    "memorysetup-job-temp-allocator-block-size-background=1048576"
    "memorysetup-job-temp-allocator-reduction-small-platforms=262144"
    "memorysetup-temp-allocator-size-background-worker=32768"
    "memorysetup-temp-allocator-size-job-worker=262144"
    "memorysetup-temp-allocator-size-preload-manager=33554432"
    "memorysetup-temp-allocator-size-nav-mesh-worker=65536"
    "memorysetup-temp-allocator-size-audio-worker=65536"
    "memorysetup-temp-allocator-size-cloud-worker=32768"
    "memorysetup-temp-allocator-size-gi-baking-worker=262144"
    "memorysetup-temp-allocator-size-gfx=262144"
Player connection [33564] Host "[IP] 192.168.1.3 [Port] 0 [Flags] 2 [Guid] 2282032696 [EditorId] 2282032696 [Version] 1048832 [Id] WindowsEditor(7,weicheng) [Debug] 1 [PackageName] WindowsEditor [ProjectName] Editor" joined multi-casting on [225.0.0.222:54997]...

Player connection [33564] Host "[IP] 192.168.1.3 [Port] 0 [Flags] 2 [Guid] 2282032696 [EditorId] 2282032696 [Version] 1048832 [Id] WindowsEditor(7,weicheng) [Debug] 1 [PackageName] WindowsEditor [ProjectName] Editor" joined alternative multi-casting on [225.0.0.222:34997]...

Refreshing native plugins compatible for Editor in 67.56 ms, found 9 plugins.
Preloading 0 native plugins for Editor in 0.00 ms.
Initialize engine version: 2021.3.16f1 (4016570cf34f)
[Subsystems] Discovering subsystems at path C:/Program Files/Unity/Hub/Editor/2021.3.16f1/Editor/Data/Resources/UnitySubsystems
[Subsystems] Discovering subsystems at path C:/Users/35498/OneDrive/Desktop/Team13-main/Assets
GfxDevice: creating device client; threaded=0; jobified=0
Direct3D:
    Version:  Direct3D 11.0 [level 11.1]
    Renderer: AMD Radeon RX 7900 XTX (ID=0x744c)
    Vendor:   ATI
    VRAM:     24511 MB
    Driver:   31.0.23013.3005
Initialize mono
Mono path[0] = 'C:/Program Files/Unity/Hub/Editor/2021.3.16f1/Editor/Data/Managed'
Mono path[1] = 'C:/Program Files/Unity/Hub/Editor/2021.3.16f1/Editor/Data/MonoBleedingEdge/lib/mono/unityjit-win32'
Mono config path = 'C:/Program Files/Unity/Hub/Editor/2021.3.16f1/Editor/Data/MonoBleedingEdge/etc'
Using monoOptions --debugger-agent=transport=dt_socket,embedding=1,server=y,suspend=n,address=127.0.0.1:56544
Begin MonoManager ReloadAssembly
Registering precompiled unity dll's ...
Register platform support module: C:/Program Files/Unity/Hub/Editor/2021.3.16f1/Editor/Data/PlaybackEngines/AndroidPlayer/UnityEditor.Android.Extensions.dll
Register platform support module: C:/Program Files/Unity/Hub/Editor/2021.3.16f1/Editor/Data/PlaybackEngines/WindowsStandaloneSupport/UnityEditor.WindowsStandalone.Extensions.dll
Registered in 0.004054 seconds.
Native extension for WindowsStandalone target not found
Native extension for Android target not found
Refreshing native plugins compatible for Editor in 65.21 ms, found 9 plugins.
Preloading 0 native plugins for Editor in 0.00 ms.
Mono: successfully reloaded assembly
- Completed reload, in  0.403 seconds
Domain Reload Profiling:
	ReloadAssembly (404ms)
		BeginReloadAssembly (45ms)
			ExecutionOrderSort (0ms)
			DisableScriptedObjects (0ms)
			BackupInstance (0ms)
			ReleaseScriptingObjects (0ms)
			CreateAndSetChildDomain (0ms)
		EndReloadAssembly (293ms)
			LoadAssemblies (44ms)
			RebuildTransferFunctionScriptingTraits (0ms)
			SetupTypeCache (62ms)
			ReleaseScriptCaches (0ms)
			RebuildScriptCaches (14ms)
			SetupLoadedEditorAssemblies (182ms)
				LogAssemblyErrors (0ms)
				InitializePlatformSupportModulesInManaged (36ms)
				SetLoadedEditorAssemblies (0ms)
				RefreshPlugins (65ms)
				BeforeProcessingInitializeOnLoad (1ms)
				ProcessInitializeOnLoadAttributes (55ms)
				ProcessInitializeOnLoadMethodAttributes (25ms)
				AfterProcessingInitializeOnLoad (0ms)
				EditorAssembliesLoaded (0ms)
			ExecutionOrderSort2 (0ms)
			AwakeInstancesAfterBackupRestoration (0ms)
Platform modules already initialized, skipping
Registering precompiled user dll's ...
Registered in 0.004808 seconds.
Begin MonoManager ReloadAssembly
Symbol file LoadedFromMemory doesn't match image C:\Users\35498\OneDrive\Desktop\Team13-main\Library\PackageCache\com.unity.visualscripting@1.7.8\Editor\VisualScripting.Core\Dependencies\DotNetZip\Unity.VisualScripting.IonicZip.dll
Symbol file LoadedFromMemory doesn't match image C:\Users\35498\OneDrive\Desktop\Team13-main\Library\PackageCache\com.unity.visualscripting@1.7.8\Editor\VisualScripting.Core\Dependencies\YamlDotNet\Unity.VisualScripting.YamlDotNet.dll
Native extension for WindowsStandalone target not found
Native extension for Android target not found
Refreshing native plugins compatible for Editor in 58.20 ms, found 9 plugins.
Preloading 0 native plugins for Editor in 0.00 ms.
Package Manager log level set to [2]
Mono: successfully reloaded assembly
- Completed reload, in  0.898 seconds
Domain Reload Profiling:
	ReloadAssembly (899ms)
		BeginReloadAssembly (173ms)
			ExecutionOrderSort (0ms)
			DisableScriptedObjects (4ms)
			BackupInstance (0ms)
			ReleaseScriptingObjects (0ms)
			CreateAndSetChildDomain (120ms)
		EndReloadAssembly (659ms)
			LoadAssemblies (48ms)
			RebuildTransferFunctionScriptingTraits (0ms)
			SetupTypeCache (213ms)
			ReleaseScriptCaches (1ms)
			RebuildScriptCaches (34ms)
			SetupLoadedEditorAssemblies (327ms)
				LogAssemblyErrors (0ms)
				InitializePlatformSupportModulesInManaged (7ms)
				SetLoadedEditorAssemblies (0ms)
				RefreshPlugins (58ms)
				BeforeProcessingInitializeOnLoad (65ms)
				ProcessInitializeOnLoadAttributes (178ms)
				ProcessInitializeOnLoadMethodAttributes (14ms)
				AfterProcessingInitializeOnLoad (4ms)
				EditorAssembliesLoaded (0ms)
			ExecutionOrderSort2 (0ms)
			AwakeInstancesAfterBackupRestoration (4ms)
Platform modules already initialized, skipping
========================================================================
Worker process is ready to serve import requests
Launched and connected shader compiler UnityShaderCompiler.exe after 0.05 seconds
Refreshing native plugins compatible for Editor in 0.90 ms, found 9 plugins.
Preloading 0 native plugins for Editor in 0.00 ms.
Unloading 4351 Unused Serialized files (Serialized files now loaded: 0)
Unloading 52 unused Assets / (120.3 KB). Loaded Objects now: 4793.
Memory consumption went from 157.7 MB to 157.6 MB.
Total: 2.849600 ms (FindLiveObjects: 0.264900 ms CreateObjectMapping: 0.083700 ms MarkObjects: 2.400200 ms  DeleteObjects: 0.100100 ms)

AssetImportParameters requested are different than current active one (requested -> active):
  custom:video-decoder-ogg-theora: a1e56fd34408186e4bbccfd4996cb3dc -> 
  custom:container-muxer-webm: aa71ff27fc2769a1b78a27578f13a17b -> 
  custom:container-demuxer-webm: 4f35f7cbe854078d1ac9338744f61a02 -> 
  custom:video-encoder-webm-vp8: eb34c28f22e8b96e1ab97ce403110664 -> 
  custom:audio-encoder-webm-vorbis: bf7c407c2cedff20999df2af8eb42d56 -> 
  custom:framework-win-MediaFoundation: 216162199b28c13a410421893ffa2e32 -> 
  custom:container-demuxer-ogg: 62fdf1f143b41e24485cea50d1cbac27 -> 
  custom:video-decoder-webm-vp8: 9c59270c3fd7afecdb556c50c9e8de78 -> 
  custom:audio-decoder-ogg-vorbis: bf7c407c2cedff20999df2af8eb42d56 -> 
========================================================================
Received Import Request.
  Time since last request: 94419.947678 seconds.
  path: Assets/Scary Haunted House/fbx/carpet.fbx
  artifactKey: Guid(fae6222c0eaf21b4db31529a6be71648) Importer(815301076,1909f56bfc062723c751e8b465ee728b)
Start importing Assets/Scary Haunted House/fbx/carpet.fbx using Guid(fae6222c0eaf21b4db31529a6be71648) Importer(815301076,1909f56bfc062723c751e8b465ee728b)  -> (artifact id: '521fab81586f34fc76d09dc2da5a9c89') in 0.109505 seconds 
========================================================================
Received Import Request.
  Time since last request: 43.845199 seconds.
  path: Assets/Scary Haunted House/fbx/washroom_cloth.fbx
  artifactKey: Guid(039b2da685e38ce40b9a1be3670a4954) Importer(815301076,1909f56bfc062723c751e8b465ee728b)
Start importing Assets/Scary Haunted House/fbx/washroom_cloth.fbx using Guid(039b2da685e38ce40b9a1be3670a4954) Importer(815301076,1909f56bfc062723c751e8b465ee728b)  -> (artifact id: 'a9af212ce179738ba626ea7a45d4ad34') in 0.013971 seconds 
========================================================================
Received Import Request.
  Time since last request: 61.017382 seconds.
  path: Assets/Scenes/SampleScene/Lightmap-0_comp_dir.png
  artifactKey: Guid(9cc7b23cdb6e3c14783ed4be5aa25858) Importer(815301076,1909f56bfc062723c751e8b465ee728b)
Start importing Assets/Scenes/SampleScene/Lightmap-0_comp_dir.png using Guid(9cc7b23cdb6e3c14783ed4be5aa25858) Importer(815301076,1909f56bfc062723c751e8b465ee728b)  -> (artifact id: '12095a3f4967e6229d015a777b36369e') in 0.036112 seconds 
========================================================================
Received Import Request.
  Time since last request: 0.000015 seconds.
  path: Assets/Scenes/SampleScene/Lightmap-5_comp_light.exr
  artifactKey: Guid(4f249f8fbb153994fbbb6aca16ba1f55) Importer(815301076,1909f56bfc062723c751e8b465ee728b)
Start importing Assets/Scenes/SampleScene/Lightmap-5_comp_light.exr using Guid(4f249f8fbb153994fbbb6aca16ba1f55) Importer(815301076,1909f56bfc062723c751e8b465ee728b)  -> (artifact id: '98ea915d87cc82074d521163f917d7d3') in 0.011090 seconds 
========================================================================
Received Import Request.
  Time since last request: 0.000013 seconds.
  path: Assets/Scenes/SampleScene/Lightmap-9_comp_light.exr
  artifactKey: Guid(5d702d74d0317f249b742321a495fcdb) Importer(815301076,1909f56bfc062723c751e8b465ee728b)
Start importing Assets/Scenes/SampleScene/Lightmap-9_comp_light.exr using Guid(5d702d74d0317f249b742321a495fcdb) Importer(815301076,1909f56bfc062723c751e8b465ee728b)  -> (artifact id: '4a3a01e0e5065098ce7634cc252e3106') in 0.008552 seconds 
========================================================================
Received Import Request.
  Time since last request: 0.000017 seconds.
  path: Assets/Scenes/SampleScene/Lightmap-14_comp_light.exr
  artifactKey: Guid(38ffadba436eb684fa585c2dadac594d) Importer(815301076,1909f56bfc062723c751e8b465ee728b)
Start importing Assets/Scenes/SampleScene/Lightmap-14_comp_light.exr using Guid(38ffadba436eb684fa585c2dadac594d) Importer(815301076,1909f56bfc062723c751e8b465ee728b)  -> (artifact id: 'f358741cafdf6e77d7c84efc02fc4b8d') in 0.007115 seconds 
========================================================================
Received Import Request.
  Time since last request: 0.000008 seconds.
  path: Assets/Scenes/SampleScene/Lightmap-5_comp_dir.png
  artifactKey: Guid(e71e67f2360b79a4a904b738098e55e9) Importer(815301076,1909f56bfc062723c751e8b465ee728b)
Start importing Assets/Scenes/SampleScene/Lightmap-5_comp_dir.png using Guid(e71e67f2360b79a4a904b738098e55e9) Importer(815301076,1909f56bfc062723c751e8b465ee728b)  -> (artifact id: '6fea4a99268675be5dec112b2989cff7') in 0.007290 seconds 
========================================================================
Received Import Request.
  Time since last request: 0.000009 seconds.
  path: Assets/Scenes/SampleScene/Lightmap-0_comp_light.exr
  artifactKey: Guid(0ab79cee499ecb949bfa160b7d0dca63) Importer(815301076,1909f56bfc062723c751e8b465ee728b)
Start importing Assets/Scenes/SampleScene/Lightmap-0_comp_light.exr using Guid(0ab79cee499ecb949bfa160b7d0dca63) Importer(815301076,1909f56bfc062723c751e8b465ee728b)  -> (artifact id: 'b168e0064b665f7557218750348c5673') in 0.007806 seconds 
========================================================================
Received Import Request.
  Time since last request: 0.000010 seconds.
  path: Assets/Scenes/SampleScene/Lightmap-6_comp_dir.png
  artifactKey: Guid(570b15c7eabe2e34d815b5da85f8867e) Importer(815301076,1909f56bfc062723c751e8b465ee728b)
Start importing Assets/Scenes/SampleScene/Lightmap-6_comp_dir.png using Guid(570b15c7eabe2e34d815b5da85f8867e) Importer(815301076,1909f56bfc062723c751e8b465ee728b)  -> (artifact id: '7ca0e11c8b7100b51f7572b8ccf103aa') in 0.007056 seconds 
========================================================================
Received Import Request.
  Time since last request: 0.000008 seconds.
  path: Assets/Scenes/SampleScene/Lightmap-15_comp_dir.png
  artifactKey: Guid(0c0d71014ae97a747906684d921503ea) Importer(815301076,1909f56bfc062723c751e8b465ee728b)
Start importing Assets/Scenes/SampleScene/Lightmap-15_comp_dir.png using Guid(0c0d71014ae97a747906684d921503ea) Importer(815301076,1909f56bfc062723c751e8b465ee728b)  -> (artifact id: '4c589f962e2fcc04dff1f499b849cfef') in 0.006361 seconds 
========================================================================
Received Import Request.
  Time since last request: 0.000008 seconds.
  path: Assets/Scenes/SampleScene/Lightmap-4_comp_dir.png
  artifactKey: Guid(cbad4d8b8e04c174097c6c16a2fcd254) Importer(815301076,1909f56bfc062723c751e8b465ee728b)
Start importing Assets/Scenes/SampleScene/Lightmap-4_comp_dir.png using Guid(cbad4d8b8e04c174097c6c16a2fcd254) Importer(815301076,1909f56bfc062723c751e8b465ee728b)  -> (artifact id: '82a035d585a45569bd37710f6e476228') in 0.006410 seconds 
========================================================================
Received Import Request.
  Time since last request: 0.000011 seconds.
  path: Assets/Scenes/SampleScene/Lightmap-13_comp_light.exr
  artifactKey: Guid(94333c15db6572641a3491bc3d159fd0) Importer(815301076,1909f56bfc062723c751e8b465ee728b)
Start importing Assets/Scenes/SampleScene/Lightmap-13_comp_light.exr using Guid(94333c15db6572641a3491bc3d159fd0) Importer(815301076,1909f56bfc062723c751e8b465ee728b)  -> (artifact id: '8312602d9d314e47b2681b8e34be9efc') in 0.007348 seconds 
========================================================================
Received Import Request.
  Time since last request: 0.000011 seconds.
  path: Assets/Scenes/SampleScene/Lightmap-11_comp_dir.png
  artifactKey: Guid(4e2b32bfdb65e724b849fffae056333f) Importer(815301076,1909f56bfc062723c751e8b465ee728b)
Start importing Assets/Scenes/SampleScene/Lightmap-11_comp_dir.png using Guid(4e2b32bfdb65e724b849fffae056333f) Importer(815301076,1909f56bfc062723c751e8b465ee728b)  -> (artifact id: '5ef53d42ca7ea2562ac348b84291d332') in 0.006981 seconds 
========================================================================
Received Import Request.
  Time since last request: 0.000008 seconds.
  path: Assets/Scenes/SampleScene/Lightmap-6_comp_light.exr
  artifactKey: Guid(96550ae64bcdfc646bf6ef07c00065f3) Importer(815301076,1909f56bfc062723c751e8b465ee728b)
Start importing Assets/Scenes/SampleScene/Lightmap-6_comp_light.exr using Guid(96550ae64bcdfc646bf6ef07c00065f3) Importer(815301076,1909f56bfc062723c751e8b465ee728b)  -> (artifact id: '925560449624e2d253ab2a927e65d64c') in 0.006396 seconds 
========================================================================
Received Import Request.
  Time since last request: 0.000007 seconds.
  path: Assets/Scenes/SampleScene/Lightmap-8_comp_light.exr
  artifactKey: Guid(97104a6f5c8127c4ebaa73e6bc6aa6b3) Importer(815301076,1909f56bfc062723c751e8b465ee728b)
Start importing Assets/Scenes/SampleScene/Lightmap-8_comp_light.exr using Guid(97104a6f5c8127c4ebaa73e6bc6aa6b3) Importer(815301076,1909f56bfc062723c751e8b465ee728b)  -> (artifact id: '7224031b41db397ec78ade0b2660f77f') in 0.006946 seconds 
========================================================================
Received Import Request.
  Time since last request: 0.000008 seconds.
  path: Assets/Scenes/SampleScene/Lightmap-15_comp_light.exr
  artifactKey: Guid(97d97b91ebb53884fabef87e09df33a8) Importer(815301076,1909f56bfc062723c751e8b465ee728b)
Start importing Assets/Scenes/SampleScene/Lightmap-15_comp_light.exr using Guid(97d97b91ebb53884fabef87e09df33a8) Importer(815301076,1909f56bfc062723c751e8b465ee728b)  -> (artifact id: '184a1e1aaf4f388574a060c2893f26e1') in 0.006353 seconds 
========================================================================
Received Import Request.
  Time since last request: 0.000009 seconds.
  path: Assets/Scenes/SampleScene/Lightmap-7_comp_light.exr
  artifactKey: Guid(85303d0daf8f4af49aa3ca3f1159ad70) Importer(815301076,1909f56bfc062723c751e8b465ee728b)
Start importing Assets/Scenes/SampleScene/Lightmap-7_comp_light.exr using Guid(85303d0daf8f4af49aa3ca3f1159ad70) Importer(815301076,1909f56bfc062723c751e8b465ee728b)  -> (artifact id: '81dfbe2327cf2dda5994b36d88e1bde6') in 0.007659 seconds 
========================================================================
Received Import Request.
  Time since last request: 0.000008 seconds.
  path: Assets/Scenes/SampleScene/Lightmap-7_comp_dir.png
  artifactKey: Guid(a6511c4d53c34b94682272bb10edb897) Importer(815301076,1909f56bfc062723c751e8b465ee728b)
Start importing Assets/Scenes/SampleScene/Lightmap-7_comp_dir.png using Guid(a6511c4d53c34b94682272bb10edb897) Importer(815301076,1909f56bfc062723c751e8b465ee728b)  -> (artifact id: '4dc9b4e508e5917da4b8f673c512b032') in 0.006537 seconds 
========================================================================
Received Import Request.
  Time since last request: 14.062270 seconds.
  path: Assets/TextMesh Pro/Examples & Extras/Prefabs/TextMeshPro - Prefab 2.prefab
  artifactKey: Guid(fdad9d952ae84cafb74c63f2e694d042) Importer(815301076,1909f56bfc062723c751e8b465ee728b)
Start importing Assets/TextMesh Pro/Examples & Extras/Prefabs/TextMeshPro - Prefab 2.prefab using Guid(fdad9d952ae84cafb74c63f2e694d042) Importer(815301076,1909f56bfc062723c751e8b465ee728b)  -> (artifact id: '56e1eecaa7b54463d7e59870132cfe0e') in 0.030217 seconds 
Editor requested this worker to shutdown with reason: Scaling down because of idle timeout
AssetImportWorker is now disconnected from the server
Process exiting
Exiting without the bug reporter. Application will terminate with return code 0