Using pre-set license
Built from '2021.3/evg/staging/82bb020e-b03b1330/draft-0' branch; Version is '2021.3.16f1 (4016570cf34f) revision 4200023'; Using compiler version '192829333'; Build Type 'Release'
OS: 'Windows 11  (10.0.22631) 64bit ProfessionalN' Language: 'zh' Physical Memory: 31895 MB
BatchMode: 1, IsHumanControllingUs: 0, StartBugReporterOnCrash: 0, Is64bit: 1, IsPro: 1

COMMAND LINE ARGUMENTS:
C:\Program Files\Unity\Hub\Editor\2021.3.16f1\Editor\Unity.exe
-adb2
-batchMode
-noUpm
-name
AssetImportWorker1
-projectPath
C:/Users/35498/OneDrive/Desktop/wxl220014
-logFile
Logs/AssetImportWorker1.log
-srvPort
64286
Successfully changed project path to: C:/Users/35498/OneDrive/Desktop/wxl220014
C:/Users/35498/OneDrive/Desktop/wxl220014
[UnityMemory] Configuration Parameters - Can be set up in boot.config
    "memorysetup-bucket-allocator-granularity=16"
    "memorysetup-bucket-allocator-bucket-count=8"
    "memorysetup-bucket-allocator-block-size=33554432"
    "memorysetup-bucket-allocator-block-count=8"
    "memorysetup-main-allocator-block-size=16777216"
    "memorysetup-thread-allocator-block-size=16777216"
    "memorysetup-gfx-main-allocator-block-size=16777216"
    "memorysetup-gfx-thread-allocator-block-size=16777216"
    "memorysetup-cache-allocator-block-size=4194304"
    "memorysetup-typetree-allocator-block-size=2097152"
    "memorysetup-profiler-bucket-allocator-granularity=16"
    "memorysetup-profiler-bucket-allocator-bucket-count=8"
    "memorysetup-profiler-bucket-allocator-block-size=33554432"
    "memorysetup-profiler-bucket-allocator-block-count=8"
    "memorysetup-profiler-allocator-block-size=16777216"
    "memorysetup-profiler-editor-allocator-block-size=1048576"
    "memorysetup-temp-allocator-size-main=16777216"
    "memorysetup-job-temp-allocator-block-size=2097152"
    "memorysetup-job-temp-allocator-block-size-background=1048576"
    "memorysetup-job-temp-allocator-reduction-small-platforms=262144"
    "memorysetup-temp-allocator-size-background-worker=32768"
    "memorysetup-temp-allocator-size-job-worker=262144"
    "memorysetup-temp-allocator-size-preload-manager=33554432"
    "memorysetup-temp-allocator-size-nav-mesh-worker=65536"
    "memorysetup-temp-allocator-size-audio-worker=65536"
    "memorysetup-temp-allocator-size-cloud-worker=32768"
    "memorysetup-temp-allocator-size-gi-baking-worker=262144"
    "memorysetup-temp-allocator-size-gfx=262144"
Player connection [5396] Host "[IP] 192.168.1.3 [Port] 0 [Flags] 2 [Guid] 1179351356 [EditorId] 1179351356 [Version] 1048832 [Id] WindowsEditor(7,weicheng) [Debug] 1 [PackageName] WindowsEditor [ProjectName] Editor" joined multi-casting on [225.0.0.222:54997]...

Player connection [5396] Host "[IP] 192.168.1.3 [Port] 0 [Flags] 2 [Guid] 1179351356 [EditorId] 1179351356 [Version] 1048832 [Id] WindowsEditor(7,weicheng) [Debug] 1 [PackageName] WindowsEditor [ProjectName] Editor" joined alternative multi-casting on [225.0.0.222:34997]...

Refreshing native plugins compatible for Editor in 53.20 ms, found 3 plugins.
Preloading 0 native plugins for Editor in 0.00 ms.
Initialize engine version: 2021.3.16f1 (4016570cf34f)
[Subsystems] Discovering subsystems at path C:/Program Files/Unity/Hub/Editor/2021.3.16f1/Editor/Data/Resources/UnitySubsystems
[Subsystems] Discovering subsystems at path C:/Users/35498/OneDrive/Desktop/wxl220014/Assets
GfxDevice: creating device client; threaded=0; jobified=0
Direct3D:
    Version:  Direct3D 11.0 [level 11.1]
    Renderer: AMD Radeon RX 7900 XTX (ID=0x744c)
    Vendor:   ATI
    VRAM:     24511 MB
    Driver:   31.0.23013.3005
Initialize mono
Mono path[0] = 'C:/Program Files/Unity/Hub/Editor/2021.3.16f1/Editor/Data/Managed'
Mono path[1] = 'C:/Program Files/Unity/Hub/Editor/2021.3.16f1/Editor/Data/MonoBleedingEdge/lib/mono/unityjit-win32'
Mono config path = 'C:/Program Files/Unity/Hub/Editor/2021.3.16f1/Editor/Data/MonoBleedingEdge/etc'
Using monoOptions --debugger-agent=transport=dt_socket,embedding=1,server=y,suspend=n,address=127.0.0.1:56164
Begin MonoManager ReloadAssembly
Registering precompiled unity dll's ...
Register platform support module: C:/Program Files/Unity/Hub/Editor/2021.3.16f1/Editor/Data/PlaybackEngines/AndroidPlayer/UnityEditor.Android.Extensions.dll
Register platform support module: C:/Program Files/Unity/Hub/Editor/2021.3.16f1/Editor/Data/PlaybackEngines/WindowsStandaloneSupport/UnityEditor.WindowsStandalone.Extensions.dll
Registered in 0.003648 seconds.
Native extension for WindowsStandalone target not found
Native extension for Android target not found
Refreshing native plugins compatible for Editor in 65.06 ms, found 3 plugins.
Preloading 0 native plugins for Editor in 0.00 ms.
Mono: successfully reloaded assembly
- Completed reload, in  0.407 seconds
Domain Reload Profiling:
	ReloadAssembly (407ms)
		BeginReloadAssembly (42ms)
			ExecutionOrderSort (0ms)
			DisableScriptedObjects (0ms)
			BackupInstance (0ms)
			ReleaseScriptingObjects (0ms)
			CreateAndSetChildDomain (0ms)
		EndReloadAssembly (295ms)
			LoadAssemblies (41ms)
			RebuildTransferFunctionScriptingTraits (0ms)
			SetupTypeCache (62ms)
			ReleaseScriptCaches (0ms)
			RebuildScriptCaches (16ms)
			SetupLoadedEditorAssemblies (188ms)
				LogAssemblyErrors (0ms)
				InitializePlatformSupportModulesInManaged (33ms)
				SetLoadedEditorAssemblies (0ms)
				RefreshPlugins (65ms)
				BeforeProcessingInitializeOnLoad (1ms)
				ProcessInitializeOnLoadAttributes (63ms)
				ProcessInitializeOnLoadMethodAttributes (27ms)
				AfterProcessingInitializeOnLoad (0ms)
				EditorAssembliesLoaded (0ms)
			ExecutionOrderSort2 (0ms)
			AwakeInstancesAfterBackupRestoration (0ms)
Platform modules already initialized, skipping
Registering precompiled user dll's ...
Registered in 0.005203 seconds.
Begin MonoManager ReloadAssembly
Symbol file LoadedFromMemory doesn't match image C:\Users\35498\OneDrive\Desktop\wxl220014\Library\PackageCache\com.unity.visualscripting@1.7.8\Editor\VisualScripting.Core\Dependencies\YamlDotNet\Unity.VisualScripting.YamlDotNet.dll
Symbol file LoadedFromMemory doesn't match image C:\Users\35498\OneDrive\Desktop\wxl220014\Library\PackageCache\com.unity.visualscripting@1.7.8\Editor\VisualScripting.Core\Dependencies\DotNetZip\Unity.VisualScripting.IonicZip.dll
Native extension for WindowsStandalone target not found
Native extension for Android target not found
Refreshing native plugins compatible for Editor in 0.60 ms, found 3 plugins.
Preloading 0 native plugins for Editor in 0.00 ms.
Package Manager log level set to [2]
Mono: successfully reloaded assembly
- Completed reload, in  0.728 seconds
Domain Reload Profiling:
	ReloadAssembly (728ms)
		BeginReloadAssembly (178ms)
			ExecutionOrderSort (0ms)
			DisableScriptedObjects (3ms)
			BackupInstance (0ms)
			ReleaseScriptingObjects (0ms)
			CreateAndSetChildDomain (125ms)
		EndReloadAssembly (484ms)
			LoadAssemblies (48ms)
			RebuildTransferFunctionScriptingTraits (0ms)
			SetupTypeCache (157ms)
			ReleaseScriptCaches (0ms)
			RebuildScriptCaches (27ms)
			SetupLoadedEditorAssemblies (225ms)
				LogAssemblyErrors (0ms)
				InitializePlatformSupportModulesInManaged (8ms)
				SetLoadedEditorAssemblies (0ms)
				RefreshPlugins (1ms)
				BeforeProcessingInitializeOnLoad (56ms)
				ProcessInitializeOnLoadAttributes (142ms)
				ProcessInitializeOnLoadMethodAttributes (12ms)
				AfterProcessingInitializeOnLoad (5ms)
				EditorAssembliesLoaded (0ms)
			ExecutionOrderSort2 (0ms)
			AwakeInstancesAfterBackupRestoration (3ms)
Platform modules already initialized, skipping
========================================================================
Worker process is ready to serve import requests
Launched and connected shader compiler UnityShaderCompiler.exe after 0.03 seconds
Refreshing native plugins compatible for Editor in 0.43 ms, found 3 plugins.
Preloading 0 native plugins for Editor in 0.00 ms.
Unloading 3526 Unused Serialized files (Serialized files now loaded: 0)
Unloading 26 unused Assets / (56.2 KB). Loaded Objects now: 3994.
Memory consumption went from 126.7 MB to 126.7 MB.
Total: 2.260200 ms (FindLiveObjects: 0.140200 ms CreateObjectMapping: 0.050500 ms MarkObjects: 2.025300 ms  DeleteObjects: 0.043800 ms)

AssetImportParameters requested are different than current active one (requested -> active):
  custom:video-decoder-ogg-theora: a1e56fd34408186e4bbccfd4996cb3dc -> 
  custom:container-muxer-webm: aa71ff27fc2769a1b78a27578f13a17b -> 
  custom:container-demuxer-webm: 4f35f7cbe854078d1ac9338744f61a02 -> 
  custom:video-encoder-webm-vp8: eb34c28f22e8b96e1ab97ce403110664 -> 
  custom:audio-encoder-webm-vorbis: bf7c407c2cedff20999df2af8eb42d56 -> 
  custom:framework-win-MediaFoundation: 216162199b28c13a410421893ffa2e32 -> 
  custom:container-demuxer-ogg: 62fdf1f143b41e24485cea50d1cbac27 -> 
  custom:video-decoder-webm-vp8: 9c59270c3fd7afecdb556c50c9e8de78 -> 
  custom:audio-decoder-ogg-vorbis: bf7c407c2cedff20999df2af8eb42d56 -> 
========================================================================
Received Import Request.
  Time since last request: 45159.540366 seconds.
  path: Assets/Agile Reaction
  artifactKey: Guid(468b0b997b486164289bdc536f07cff7) Importer(815301076,1909f56bfc062723c751e8b465ee728b)
Start importing Assets/Agile Reaction using Guid(468b0b997b486164289bdc536f07cff7) Importer(815301076,1909f56bfc062723c751e8b465ee728b)  -> (artifact id: '4af03d8ef49e8c5e295ec2922db49c89') in 0.009984 seconds 
========================================================================
Received Import Request.
  Time since last request: 15.075736 seconds.
  path: Assets/Scenes/SampleScene/Lightmap-0_comp_dir.png
  artifactKey: Guid(9cc7b23cdb6e3c14783ed4be5aa25858) Importer(815301076,1909f56bfc062723c751e8b465ee728b)
Start importing Assets/Scenes/SampleScene/Lightmap-0_comp_dir.png using Guid(9cc7b23cdb6e3c14783ed4be5aa25858) Importer(815301076,1909f56bfc062723c751e8b465ee728b)  -> (artifact id: '12095a3f4967e6229d015a777b36369e') in 0.051690 seconds 
========================================================================
Received Import Request.
  Time since last request: 0.000011 seconds.
  path: Assets/Scenes/SampleScene/Lightmap-5_comp_light.exr
  artifactKey: Guid(4f249f8fbb153994fbbb6aca16ba1f55) Importer(815301076,1909f56bfc062723c751e8b465ee728b)
Start importing Assets/Scenes/SampleScene/Lightmap-5_comp_light.exr using Guid(4f249f8fbb153994fbbb6aca16ba1f55) Importer(815301076,1909f56bfc062723c751e8b465ee728b)  -> (artifact id: '98ea915d87cc82074d521163f917d7d3') in 0.027111 seconds 
========================================================================
Received Import Request.
  Time since last request: 0.000010 seconds.
  path: Assets/Scenes/SampleScene/Lightmap-9_comp_light.exr
  artifactKey: Guid(5d702d74d0317f249b742321a495fcdb) Importer(815301076,1909f56bfc062723c751e8b465ee728b)
Start importing Assets/Scenes/SampleScene/Lightmap-9_comp_light.exr using Guid(5d702d74d0317f249b742321a495fcdb) Importer(815301076,1909f56bfc062723c751e8b465ee728b)  -> (artifact id: '4a3a01e0e5065098ce7634cc252e3106') in 0.007998 seconds 
========================================================================
Received Import Request.
  Time since last request: 0.000009 seconds.
  path: Assets/Scenes/SampleScene/Lightmap-17_comp_light.exr
  artifactKey: Guid(a6f822adf2e69724ca471b3994ea7cb4) Importer(815301076,1909f56bfc062723c751e8b465ee728b)
Start importing Assets/Scenes/SampleScene/Lightmap-17_comp_light.exr using Guid(a6f822adf2e69724ca471b3994ea7cb4) Importer(815301076,1909f56bfc062723c751e8b465ee728b)  -> (artifact id: '9897eff0018866db00493d30c25102cc') in 0.006195 seconds 
========================================================================
Received Import Request.
  Time since last request: 0.000010 seconds.
  path: Assets/Scenes/SampleScene/Lightmap-12_comp_light.exr
  artifactKey: Guid(7ec2a672a11fdd34ca9850620b0491cf) Importer(815301076,1909f56bfc062723c751e8b465ee728b)
Start importing Assets/Scenes/SampleScene/Lightmap-12_comp_light.exr using Guid(7ec2a672a11fdd34ca9850620b0491cf) Importer(815301076,1909f56bfc062723c751e8b465ee728b)  -> (artifact id: '2ff0bae01532589ba1310335d10f19fd') in 0.006631 seconds 
========================================================================
Received Import Request.
  Time since last request: 0.000007 seconds.
  path: Assets/Scenes/SampleScene/Lightmap-19_comp_dir.png
  artifactKey: Guid(6a04e41b3646cca4ab1cc998666772f7) Importer(815301076,1909f56bfc062723c751e8b465ee728b)
Start importing Assets/Scenes/SampleScene/Lightmap-19_comp_dir.png using Guid(6a04e41b3646cca4ab1cc998666772f7) Importer(815301076,1909f56bfc062723c751e8b465ee728b)  -> (artifact id: 'c7f9c42c96399c3e6690ad6dfc9b0dc6') in 0.006576 seconds 
========================================================================
Received Import Request.
  Time since last request: 0.000006 seconds.
  path: Assets/Scenes/SampleScene/Lightmap-19_comp_light.exr
  artifactKey: Guid(22c97e957ef31a247a2e2b069ba80cbf) Importer(815301076,1909f56bfc062723c751e8b465ee728b)
Start importing Assets/Scenes/SampleScene/Lightmap-19_comp_light.exr using Guid(22c97e957ef31a247a2e2b069ba80cbf) Importer(815301076,1909f56bfc062723c751e8b465ee728b)  -> (artifact id: '75f99ef4600c3c63f267efe3a9a1772d') in 0.006452 seconds 
========================================================================
Received Import Request.
  Time since last request: 0.000008 seconds.
  path: Assets/Scenes/SampleScene/Lightmap-15_comp_dir.png
  artifactKey: Guid(0c0d71014ae97a747906684d921503ea) Importer(815301076,1909f56bfc062723c751e8b465ee728b)
Start importing Assets/Scenes/SampleScene/Lightmap-15_comp_dir.png using Guid(0c0d71014ae97a747906684d921503ea) Importer(815301076,1909f56bfc062723c751e8b465ee728b)  -> (artifact id: '4c589f962e2fcc04dff1f499b849cfef') in 0.006575 seconds 
========================================================================
Received Import Request.
  Time since last request: 0.000007 seconds.
  path: Assets/Scenes/SampleScene/Lightmap-27_comp_dir.png
  artifactKey: Guid(8e7566d282080db4b8e005573f6a667f) Importer(815301076,1909f56bfc062723c751e8b465ee728b)
Start importing Assets/Scenes/SampleScene/Lightmap-27_comp_dir.png using Guid(8e7566d282080db4b8e005573f6a667f) Importer(815301076,1909f56bfc062723c751e8b465ee728b)  -> (artifact id: 'b8c2ac10c5b356c717338de14fb2babd') in 0.007045 seconds 
========================================================================
Received Import Request.
  Time since last request: 0.000010 seconds.
  path: Assets/Scenes/SampleScene/Lightmap-4_comp_light.exr
  artifactKey: Guid(0ef23efa272e92247878453732a84c8e) Importer(815301076,1909f56bfc062723c751e8b465ee728b)
Start importing Assets/Scenes/SampleScene/Lightmap-4_comp_light.exr using Guid(0ef23efa272e92247878453732a84c8e) Importer(815301076,1909f56bfc062723c751e8b465ee728b)  -> (artifact id: '245c643ea09efaa11de986ed7a8155ab') in 0.006667 seconds 
========================================================================
Received Import Request.
  Time since last request: 0.000008 seconds.
  path: Assets/Scenes/SampleScene/Lightmap-6_comp_light.exr
  artifactKey: Guid(96550ae64bcdfc646bf6ef07c00065f3) Importer(815301076,1909f56bfc062723c751e8b465ee728b)
Start importing Assets/Scenes/SampleScene/Lightmap-6_comp_light.exr using Guid(96550ae64bcdfc646bf6ef07c00065f3) Importer(815301076,1909f56bfc062723c751e8b465ee728b)  -> (artifact id: '925560449624e2d253ab2a927e65d64c') in 0.007332 seconds 
========================================================================
Received Import Request.
  Time since last request: 0.000007 seconds.
  path: Assets/Scenes/SampleScene/Lightmap-8_comp_light.exr
  artifactKey: Guid(97104a6f5c8127c4ebaa73e6bc6aa6b3) Importer(815301076,1909f56bfc062723c751e8b465ee728b)
Start importing Assets/Scenes/SampleScene/Lightmap-8_comp_light.exr using Guid(97104a6f5c8127c4ebaa73e6bc6aa6b3) Importer(815301076,1909f56bfc062723c751e8b465ee728b)  -> (artifact id: '7224031b41db397ec78ade0b2660f77f') in 0.007203 seconds 
========================================================================
Received Import Request.
  Time since last request: 0.000009 seconds.
  path: Assets/Scenes/SampleScene/Lightmap-26_comp_dir.png
  artifactKey: Guid(295ef78c3bd5fff469e3d81681b54008) Importer(815301076,1909f56bfc062723c751e8b465ee728b)
Start importing Assets/Scenes/SampleScene/Lightmap-26_comp_dir.png using Guid(295ef78c3bd5fff469e3d81681b54008) Importer(815301076,1909f56bfc062723c751e8b465ee728b)  -> (artifact id: '5677e6e9cf56958a7912ade45b51d094') in 0.006744 seconds 
========================================================================
Received Import Request.
  Time since last request: 0.000010 seconds.
  path: Assets/Scenes/SampleScene/Lightmap-9_comp_dir.png
  artifactKey: Guid(4eefc1013eeb3e94da60b9c9a714f6ca) Importer(815301076,1909f56bfc062723c751e8b465ee728b)
Start importing Assets/Scenes/SampleScene/Lightmap-9_comp_dir.png using Guid(4eefc1013eeb3e94da60b9c9a714f6ca) Importer(815301076,1909f56bfc062723c751e8b465ee728b)  -> (artifact id: '04d64ba14a608997bc300c86687ad072') in 0.007642 seconds 
========================================================================
Received Import Request.
  Time since last request: 0.000010 seconds.
  path: Assets/Scenes/SampleScene/Lightmap-10_comp_dir.png
  artifactKey: Guid(d6b79c1c6cf0b674792fc211b2db7c39) Importer(815301076,1909f56bfc062723c751e8b465ee728b)
Start importing Assets/Scenes/SampleScene/Lightmap-10_comp_dir.png using Guid(d6b79c1c6cf0b674792fc211b2db7c39) Importer(815301076,1909f56bfc062723c751e8b465ee728b)  -> (artifact id: '52a9c9f9585f0a5a2687a7fe2831c685') in 0.006928 seconds 
========================================================================
Received Import Request.
  Time since last request: 0.000016 seconds.
  path: Assets/Scenes/SampleScene/Lightmap-20_comp_light.exr
  artifactKey: Guid(40f40c6231e506e44a61f158420d082c) Importer(815301076,1909f56bfc062723c751e8b465ee728b)
Start importing Assets/Scenes/SampleScene/Lightmap-20_comp_light.exr using Guid(40f40c6231e506e44a61f158420d082c) Importer(815301076,1909f56bfc062723c751e8b465ee728b)  -> (artifact id: '54eb9f2fd7ed0458aac54c295cdbd5d6') in 0.006693 seconds 
========================================================================
Received Import Request.
  Time since last request: 0.000009 seconds.
  path: Assets/Scenes/SampleScene/Lightmap-18_comp_light.exr
  artifactKey: Guid(83948c27e5bf8fd41a0c3a50f5106126) Importer(815301076,1909f56bfc062723c751e8b465ee728b)
Start importing Assets/Scenes/SampleScene/Lightmap-18_comp_light.exr using Guid(83948c27e5bf8fd41a0c3a50f5106126) Importer(815301076,1909f56bfc062723c751e8b465ee728b)  -> (artifact id: 'e2da5d46c209a80bb8fe177cf072aceb') in 0.007611 seconds 
========================================================================
Received Import Request.
  Time since last request: 0.000008 seconds.
  path: Assets/Scenes/SampleScene/Lightmap-0_comp_light.exr
  artifactKey: Guid(0ab79cee499ecb949bfa160b7d0dca63) Importer(815301076,1909f56bfc062723c751e8b465ee728b)
Start importing Assets/Scenes/SampleScene/Lightmap-0_comp_light.exr using Guid(0ab79cee499ecb949bfa160b7d0dca63) Importer(815301076,1909f56bfc062723c751e8b465ee728b)  -> (artifact id: 'b168e0064b665f7557218750348c5673') in 0.006932 seconds 
========================================================================
Received Import Request.
  Time since last request: 0.000007 seconds.
  path: Assets/Scenes/SampleScene/Lightmap-6_comp_dir.png
  artifactKey: Guid(570b15c7eabe2e34d815b5da85f8867e) Importer(815301076,1909f56bfc062723c751e8b465ee728b)
Start importing Assets/Scenes/SampleScene/Lightmap-6_comp_dir.png using Guid(570b15c7eabe2e34d815b5da85f8867e) Importer(815301076,1909f56bfc062723c751e8b465ee728b)  -> (artifact id: '7ca0e11c8b7100b51f7572b8ccf103aa') in 0.006780 seconds 
========================================================================
Received Import Request.
  Time since last request: 0.000010 seconds.
  path: Assets/Scenes/SampleScene/Lightmap-18_comp_dir.png
  artifactKey: Guid(caa7e4c505c244749871849a8540c933) Importer(815301076,1909f56bfc062723c751e8b465ee728b)
Start importing Assets/Scenes/SampleScene/Lightmap-18_comp_dir.png using Guid(caa7e4c505c244749871849a8540c933) Importer(815301076,1909f56bfc062723c751e8b465ee728b)  -> (artifact id: '78053ad5b04d5a1a6235ddb45ecd4f4c') in 0.006997 seconds 
========================================================================
Received Import Request.
  Time since last request: 0.000007 seconds.
  path: Assets/Scenes/SampleScene/Lightmap-11_comp_light.exr
  artifactKey: Guid(5a3fbcec335ac0c4a93e7fb6b7073e05) Importer(815301076,1909f56bfc062723c751e8b465ee728b)
Start importing Assets/Scenes/SampleScene/Lightmap-11_comp_light.exr using Guid(5a3fbcec335ac0c4a93e7fb6b7073e05) Importer(815301076,1909f56bfc062723c751e8b465ee728b)  -> (artifact id: '184fb70075f0d71856697b5634cbc123') in 0.006891 seconds 
========================================================================
Received Import Request.
  Time since last request: 0.000007 seconds.
  path: Assets/Scenes/SampleScene/Lightmap-24_comp_light.exr
  artifactKey: Guid(ae0fd8a7491a6ab4398d627f21ccfeb3) Importer(815301076,1909f56bfc062723c751e8b465ee728b)
Start importing Assets/Scenes/SampleScene/Lightmap-24_comp_light.exr using Guid(ae0fd8a7491a6ab4398d627f21ccfeb3) Importer(815301076,1909f56bfc062723c751e8b465ee728b)  -> (artifact id: '806e06bc3889c2d9f1270370d1eed35b') in 0.006948 seconds 
========================================================================
Received Import Request.
  Time since last request: 0.000006 seconds.
  path: Assets/Scenes/SampleScene/Lightmap-26_comp_light.exr
  artifactKey: Guid(929197abdd05ddd44b52e01da0e510d4) Importer(815301076,1909f56bfc062723c751e8b465ee728b)
Start importing Assets/Scenes/SampleScene/Lightmap-26_comp_light.exr using Guid(929197abdd05ddd44b52e01da0e510d4) Importer(815301076,1909f56bfc062723c751e8b465ee728b)  -> (artifact id: '18e87fb2a915c7baeb4c46ff71ca99c6') in 0.007108 seconds 
========================================================================
Received Import Request.
  Time since last request: 0.000007 seconds.
  path: Assets/Scenes/SampleScene/Lightmap-24_comp_dir.png
  artifactKey: Guid(ab265e644e702ec408aca5aac77906f1) Importer(815301076,1909f56bfc062723c751e8b465ee728b)
Start importing Assets/Scenes/SampleScene/Lightmap-24_comp_dir.png using Guid(ab265e644e702ec408aca5aac77906f1) Importer(815301076,1909f56bfc062723c751e8b465ee728b)  -> (artifact id: '03f5108e468971d278788eb29ab945d7') in 0.007130 seconds 
========================================================================
Received Import Request.
  Time since last request: 0.000008 seconds.
  path: Assets/Scenes/SampleScene/Lightmap-7_comp_dir.png
  artifactKey: Guid(a6511c4d53c34b94682272bb10edb897) Importer(815301076,1909f56bfc062723c751e8b465ee728b)
Start importing Assets/Scenes/SampleScene/Lightmap-7_comp_dir.png using Guid(a6511c4d53c34b94682272bb10edb897) Importer(815301076,1909f56bfc062723c751e8b465ee728b)  -> (artifact id: '4dc9b4e508e5917da4b8f673c512b032') in 0.006488 seconds 
========================================================================
Received Import Request.
  Time since last request: 71.684439 seconds.
  path: Assets/Scary Haunted House/Texture/house_atlas2_2_emiision.png
  artifactKey: Guid(8859a7a67630d204d995c456fc975e8f) Importer(815301076,1909f56bfc062723c751e8b465ee728b)
Start importing Assets/Scary Haunted House/Texture/house_atlas2_2_emiision.png using Guid(8859a7a67630d204d995c456fc975e8f) Importer(815301076,1909f56bfc062723c751e8b465ee728b)  -> (artifact id: '44c81bccc3d72c7f84104c1b6b7f8e12') in 0.009914 seconds 
========================================================================
Received Import Request.
  Time since last request: 0.000013 seconds.
  path: Assets/Scary Haunted House/Texture/house_atlas_op.png
  artifactKey: Guid(a5a8c9c127f06284e9a8b10d3bdb8f8f) Importer(815301076,1909f56bfc062723c751e8b465ee728b)
Start importing Assets/Scary Haunted House/Texture/house_atlas_op.png using Guid(a5a8c9c127f06284e9a8b10d3bdb8f8f) Importer(815301076,1909f56bfc062723c751e8b465ee728b)  -> (artifact id: 'e74792b86ebbbdeebda7ae6b17ff39f0') in 0.008261 seconds 
========================================================================
Received Import Request.
  Time since last request: 0.000016 seconds.
  path: Assets/Scary Haunted House/Texture/pppp.png
  artifactKey: Guid(e14b899d925b47548a1eee9ed91bd6bc) Importer(815301076,1909f56bfc062723c751e8b465ee728b)
Start importing Assets/Scary Haunted House/Texture/pppp.png using Guid(e14b899d925b47548a1eee9ed91bd6bc) Importer(815301076,1909f56bfc062723c751e8b465ee728b)  -> (artifact id: '554607016e4a9639cd0279e08f073392') in 0.007794 seconds 
========================================================================
Received Import Request.
  Time since last request: 2.242746 seconds.
  path: Assets/Scary Haunted House/prefab/path_river.prefab
  artifactKey: Guid(38a090af8634b294a9f9e8087a188e43) Importer(815301076,1909f56bfc062723c751e8b465ee728b)
Start importing Assets/Scary Haunted House/prefab/path_river.prefab using Guid(38a090af8634b294a9f9e8087a188e43) Importer(815301076,1909f56bfc062723c751e8b465ee728b)  -> (artifact id: 'b62be9b6c1941992f746cf699192c07d') in 0.032258 seconds 
========================================================================
Received Import Request.
  Time since last request: 0.000011 seconds.
  path: Assets/Scary Haunted House/prefab/plant001.prefab
  artifactKey: Guid(9728fa5af70587f4eadd8ae1d9f5f73a) Importer(815301076,1909f56bfc062723c751e8b465ee728b)
Start importing Assets/Scary Haunted House/prefab/plant001.prefab using Guid(9728fa5af70587f4eadd8ae1d9f5f73a) Importer(815301076,1909f56bfc062723c751e8b465ee728b)  -> (artifact id: '53c1131ef2ae580b6b00793c04f99b24') in 0.009795 seconds 
========================================================================
Received Import Request.
  Time since last request: 0.000010 seconds.
  path: Assets/Scary Haunted House/prefab/tree.prefab
  artifactKey: Guid(56e80e8ea061b4a4e935256152b957f9) Importer(815301076,1909f56bfc062723c751e8b465ee728b)
Start importing Assets/Scary Haunted House/prefab/tree.prefab using Guid(56e80e8ea061b4a4e935256152b957f9) Importer(815301076,1909f56bfc062723c751e8b465ee728b)  -> (artifact id: 'e91402f8c8df6fbc284fed338d04f0db') in 0.008455 seconds 
========================================================================
Received Import Request.
  Time since last request: 0.000012 seconds.
  path: Assets/Scary Haunted House/prefab/washroom_cloth.prefab
  artifactKey: Guid(8a1c975a05119ec478156d2e55f70690) Importer(815301076,1909f56bfc062723c751e8b465ee728b)
Start importing Assets/Scary Haunted House/prefab/washroom_cloth.prefab using Guid(8a1c975a05119ec478156d2e55f70690) Importer(815301076,1909f56bfc062723c751e8b465ee728b)  -> (artifact id: 'd8d919258eca689361d2ef94d3adf322') in 0.011088 seconds 
========================================================================
Received Import Request.
  Time since last request: 0.000013 seconds.
  path: Assets/Scary Haunted House/prefab/shower_keypad_board.prefab
  artifactKey: Guid(fc31afe2baaf4ca4e9a9706e1b0b62f8) Importer(815301076,1909f56bfc062723c751e8b465ee728b)
Start importing Assets/Scary Haunted House/prefab/shower_keypad_board.prefab using Guid(fc31afe2baaf4ca4e9a9706e1b0b62f8) Importer(815301076,1909f56bfc062723c751e8b465ee728b)  -> (artifact id: '87d59c4a6aa16e1beda42c1641820f1e') in 0.009276 seconds 
========================================================================
Received Import Request.
  Time since last request: 0.000013 seconds.
  path: Assets/Scary Haunted House/prefab/plant002.prefab
  artifactKey: Guid(5e1f289797c59cb46a3d0daf53f5a6db) Importer(815301076,1909f56bfc062723c751e8b465ee728b)
Start importing Assets/Scary Haunted House/prefab/plant002.prefab using Guid(5e1f289797c59cb46a3d0daf53f5a6db) Importer(815301076,1909f56bfc062723c751e8b465ee728b)  -> (artifact id: '49d56b08c2e6b4312f34127b48082bbc') in 0.009722 seconds 
========================================================================
Received Import Request.
  Time since last request: 0.000017 seconds.
  path: Assets/Scary Haunted House/prefab/scary_house_TEX_N_EMB.prefab
  artifactKey: Guid(1fe917d52967c194c9c6f7a1df8e17fc) Importer(815301076,1909f56bfc062723c751e8b465ee728b)
Start importing Assets/Scary Haunted House/prefab/scary_house_TEX_N_EMB.prefab using Guid(1fe917d52967c194c9c6f7a1df8e17fc) Importer(815301076,1909f56bfc062723c751e8b465ee728b)  -> (artifact id: '98736c092c58cfc70026d289e8132fb4') in 0.060881 seconds 
========================================================================
Received Import Request.
  Time since last request: 138.369074 seconds.
  path: Assets/Scenes/SampleScene/Lightmap-28_comp_dir.png
  artifactKey: Guid(8e59c5e82e02cbf4fae4d6e7f6a4a97f) Importer(815301076,1909f56bfc062723c751e8b465ee728b)
Start importing Assets/Scenes/SampleScene/Lightmap-28_comp_dir.png using Guid(8e59c5e82e02cbf4fae4d6e7f6a4a97f) Importer(815301076,1909f56bfc062723c751e8b465ee728b)  -> (artifact id: '81ac2c091ad4398951aa53a7c8323679') in 0.008562 seconds 
========================================================================
Received Import Request.
  Time since last request: 0.000010 seconds.
  path: Assets/Scenes/SampleScene/Lightmap-29_comp_light.exr
  artifactKey: Guid(403a6df2ed30a1b43a703efba24136ae) Importer(815301076,1909f56bfc062723c751e8b465ee728b)
Start importing Assets/Scenes/SampleScene/Lightmap-29_comp_light.exr using Guid(403a6df2ed30a1b43a703efba24136ae) Importer(815301076,1909f56bfc062723c751e8b465ee728b)  -> (artifact id: '021d1d4b6bb64d9344ec36440dace75b') in 0.007497 seconds 
========================================================================
Received Import Request.
  Time since last request: 0.000010 seconds.
  path: Assets/Scenes/SampleScene/Lightmap-28_comp_light.exr
  artifactKey: Guid(2854b94377dece745b2c3083d0c744af) Importer(815301076,1909f56bfc062723c751e8b465ee728b)
Start importing Assets/Scenes/SampleScene/Lightmap-28_comp_light.exr using Guid(2854b94377dece745b2c3083d0c744af) Importer(815301076,1909f56bfc062723c751e8b465ee728b)  -> (artifact id: '56e40f53bd4fd3a14bf0f34c820751f5') in 0.006838 seconds 
========================================================================
Received Import Request.
  Time since last request: 0.330188 seconds.
  path: Assets/Scenes/SampleScene/Lightmap-40_comp_light.exr
  artifactKey: Guid(edb92f0516c3b6b449b3d7dadb6db8c0) Importer(815301076,1909f56bfc062723c751e8b465ee728b)
Start importing Assets/Scenes/SampleScene/Lightmap-40_comp_light.exr using Guid(edb92f0516c3b6b449b3d7dadb6db8c0) Importer(815301076,1909f56bfc062723c751e8b465ee728b)  -> (artifact id: '819ab86820a137c2152a0827dbaea578') in 0.008708 seconds 
========================================================================
Received Import Request.
  Time since last request: 0.000010 seconds.
  path: Assets/Scenes/SampleScene/Lightmap-41_comp_light.exr
  artifactKey: Guid(2b34b4395dfb76248b93b606c4367356) Importer(815301076,1909f56bfc062723c751e8b465ee728b)
Start importing Assets/Scenes/SampleScene/Lightmap-41_comp_light.exr using Guid(2b34b4395dfb76248b93b606c4367356) Importer(815301076,1909f56bfc062723c751e8b465ee728b)  -> (artifact id: '3a217b1a38e864a44f79a1385db304b4') in 0.007716 seconds 
========================================================================
Received Import Request.
  Time since last request: 0.000008 seconds.
  path: Assets/Scenes/SampleScene/Lightmap-42_comp_dir.png
  artifactKey: Guid(bcbcef7e1e55d6f4bb54391ca57e482b) Importer(815301076,1909f56bfc062723c751e8b465ee728b)
Start importing Assets/Scenes/SampleScene/Lightmap-42_comp_dir.png using Guid(bcbcef7e1e55d6f4bb54391ca57e482b) Importer(815301076,1909f56bfc062723c751e8b465ee728b)  -> (artifact id: 'd51af08371c0454ef9ef7478eb0433a7') in 0.006792 seconds 
========================================================================
Received Import Request.
  Time since last request: 0.053935 seconds.
  path: Assets/Scenes/SampleScene/Lightmap-44_comp_light.exr
  artifactKey: Guid(9275a6582d1b44b4ba34d0984ee2cec9) Importer(815301076,1909f56bfc062723c751e8b465ee728b)
Start importing Assets/Scenes/SampleScene/Lightmap-44_comp_light.exr using Guid(9275a6582d1b44b4ba34d0984ee2cec9) Importer(815301076,1909f56bfc062723c751e8b465ee728b)  -> (artifact id: '9d0b5e8ad1127b7216ec7cb740d1d2a3') in 0.008292 seconds 
========================================================================
Received Import Request.
  Time since last request: 0.000009 seconds.
  path: Assets/Scenes/SampleScene/Lightmap-47_comp_light.exr
  artifactKey: Guid(423572a9d8926084ab59894a813e3086) Importer(815301076,1909f56bfc062723c751e8b465ee728b)
Start importing Assets/Scenes/SampleScene/Lightmap-47_comp_light.exr using Guid(423572a9d8926084ab59894a813e3086) Importer(815301076,1909f56bfc062723c751e8b465ee728b)  -> (artifact id: '10ef26a58ec509a4758eda59a9d861ff') in 0.007656 seconds 
========================================================================
Received Import Request.
  Time since last request: 0.000008 seconds.
  path: Assets/Scenes/SampleScene/Lightmap-45_comp_dir.png
  artifactKey: Guid(d6e4d84d9a9697c45bbe90f7b749fe36) Importer(815301076,1909f56bfc062723c751e8b465ee728b)
Start importing Assets/Scenes/SampleScene/Lightmap-45_comp_dir.png using Guid(d6e4d84d9a9697c45bbe90f7b749fe36) Importer(815301076,1909f56bfc062723c751e8b465ee728b)  -> (artifact id: '4601d4477620c13a15fab91305cb6cb3') in 0.006773 seconds 
========================================================================
Received Import Request.
  Time since last request: 0.000008 seconds.
  path: Assets/Scenes/SampleScene/Lightmap-48_comp_dir.png
  artifactKey: Guid(752b92dee4e5ae145bb18a7d667d7cc8) Importer(815301076,1909f56bfc062723c751e8b465ee728b)
Start importing Assets/Scenes/SampleScene/Lightmap-48_comp_dir.png using Guid(752b92dee4e5ae145bb18a7d667d7cc8) Importer(815301076,1909f56bfc062723c751e8b465ee728b)  -> (artifact id: '0786e69b4d4769b7825c3f893dbd16fb') in 0.007117 seconds 
========================================================================
Received Import Request.
  Time since last request: 0.000009 seconds.
  path: Assets/Scenes/SampleScene/Lightmap-47_comp_dir.png
  artifactKey: Guid(6eea3d008b5873e40a15aa5797d9c7ed) Importer(815301076,1909f56bfc062723c751e8b465ee728b)
Start importing Assets/Scenes/SampleScene/Lightmap-47_comp_dir.png using Guid(6eea3d008b5873e40a15aa5797d9c7ed) Importer(815301076,1909f56bfc062723c751e8b465ee728b)  -> (artifact id: '0615ee9d083abadfd6612c8b0f60882b') in 0.006621 seconds 
========================================================================
Received Import Request.
  Time since last request: 0.229648 seconds.
  path: Assets/Scenes/SampleScene/Lightmap-50_comp_dir.png
  artifactKey: Guid(9865a55e112ef9a45b7cbbca9772ae9b) Importer(815301076,1909f56bfc062723c751e8b465ee728b)
Start importing Assets/Scenes/SampleScene/Lightmap-50_comp_dir.png using Guid(9865a55e112ef9a45b7cbbca9772ae9b) Importer(815301076,1909f56bfc062723c751e8b465ee728b)  -> (artifact id: 'af25ee6ccffd906edc736b646f608181') in 0.008029 seconds 
========================================================================
Received Import Request.
  Time since last request: 0.000012 seconds.
  path: Assets/Scenes/SampleScene/Lightmap-51_comp_dir.png
  artifactKey: Guid(55478b1eb90de55408419030758ee541) Importer(815301076,1909f56bfc062723c751e8b465ee728b)
Start importing Assets/Scenes/SampleScene/Lightmap-51_comp_dir.png using Guid(55478b1eb90de55408419030758ee541) Importer(815301076,1909f56bfc062723c751e8b465ee728b)  -> (artifact id: 'd900f66d44e6bb4dc1a622ec700ce467') in 0.007895 seconds 
========================================================================
Received Import Request.
  Time since last request: 0.000010 seconds.
  path: Assets/Scenes/SampleScene/Lightmap-50_comp_light.exr
  artifactKey: Guid(4b90e9feac7082f4aa4359b81faf3a9b) Importer(815301076,1909f56bfc062723c751e8b465ee728b)
Start importing Assets/Scenes/SampleScene/Lightmap-50_comp_light.exr using Guid(4b90e9feac7082f4aa4359b81faf3a9b) Importer(815301076,1909f56bfc062723c751e8b465ee728b)  -> (artifact id: '1c957b99c109aa505c516e7087b2823a') in 0.007532 seconds 
========================================================================
Received Import Request.
  Time since last request: 0.000011 seconds.
  path: Assets/Scenes/SampleScene/Lightmap-58_comp_dir.png
  artifactKey: Guid(afe9295c6df19524a9557eb69e400d45) Importer(815301076,1909f56bfc062723c751e8b465ee728b)
Start importing Assets/Scenes/SampleScene/Lightmap-58_comp_dir.png using Guid(afe9295c6df19524a9557eb69e400d45) Importer(815301076,1909f56bfc062723c751e8b465ee728b)  -> (artifact id: '13aea4faf67e5034d72b9ef8882d284e') in 0.007129 seconds 
========================================================================
Received Import Request.
  Time since last request: 0.000010 seconds.
  path: Assets/Scenes/SampleScene/Lightmap-55_comp_light.exr
  artifactKey: Guid(e7f17f200f5eb5248a76fe6e49b022fb) Importer(815301076,1909f56bfc062723c751e8b465ee728b)
Start importing Assets/Scenes/SampleScene/Lightmap-55_comp_light.exr using Guid(e7f17f200f5eb5248a76fe6e49b022fb) Importer(815301076,1909f56bfc062723c751e8b465ee728b)  -> (artifact id: '7947845b16a5e4a78c039d7f8161d509') in 0.007651 seconds 
========================================================================
Received Import Request.
  Time since last request: 0.000015 seconds.
  path: Assets/Scenes/SampleScene/Lightmap-59_comp_dir.png
  artifactKey: Guid(5da025bdbadfb4148b76fb8b2bf80f04) Importer(815301076,1909f56bfc062723c751e8b465ee728b)
Start importing Assets/Scenes/SampleScene/Lightmap-59_comp_dir.png using Guid(5da025bdbadfb4148b76fb8b2bf80f04) Importer(815301076,1909f56bfc062723c751e8b465ee728b)  -> (artifact id: 'b61b432667506e806fc3fa429c560070') in 0.008092 seconds 
========================================================================
Received Import Request.
  Time since last request: 0.000008 seconds.
  path: Assets/Scenes/SampleScene/Lightmap-65_comp_dir.png
  artifactKey: Guid(3e4693a5dbd3167479c159026bc10147) Importer(815301076,1909f56bfc062723c751e8b465ee728b)
Start importing Assets/Scenes/SampleScene/Lightmap-65_comp_dir.png using Guid(3e4693a5dbd3167479c159026bc10147) Importer(815301076,1909f56bfc062723c751e8b465ee728b)  -> (artifact id: '5292965e069cfa40ca5001df221f96d7') in 0.007130 seconds 
========================================================================
Received Import Request.
  Time since last request: 0.000007 seconds.
  path: Assets/Scenes/SampleScene/Lightmap-59_comp_light.exr
  artifactKey: Guid(3d28a5db901f15d4bb2b02cf6d73e607) Importer(815301076,1909f56bfc062723c751e8b465ee728b)
Start importing Assets/Scenes/SampleScene/Lightmap-59_comp_light.exr using Guid(3d28a5db901f15d4bb2b02cf6d73e607) Importer(815301076,1909f56bfc062723c751e8b465ee728b)  -> (artifact id: '581b8eb785b411606184d36119669ae2') in 0.006580 seconds 
========================================================================
Received Import Request.
  Time since last request: 0.000009 seconds.
  path: Assets/Scenes/SampleScene/Lightmap-62_comp_dir.png
  artifactKey: Guid(7d88d1ee1f89a914aa23baad307583e6) Importer(815301076,1909f56bfc062723c751e8b465ee728b)
Start importing Assets/Scenes/SampleScene/Lightmap-62_comp_dir.png using Guid(7d88d1ee1f89a914aa23baad307583e6) Importer(815301076,1909f56bfc062723c751e8b465ee728b)  -> (artifact id: 'aba8dad50d8554158cce27079480a322') in 0.007094 seconds 
========================================================================
Received Import Request.
  Time since last request: 0.000009 seconds.
  path: Assets/Scenes/SampleScene/Lightmap-58_comp_light.exr
  artifactKey: Guid(12594b43a873e934f9238cfb2d1f6b8f) Importer(815301076,1909f56bfc062723c751e8b465ee728b)
Start importing Assets/Scenes/SampleScene/Lightmap-58_comp_light.exr using Guid(12594b43a873e934f9238cfb2d1f6b8f) Importer(815301076,1909f56bfc062723c751e8b465ee728b)  -> (artifact id: 'a70e3b02678eed351d4f541906b3b588') in 0.007329 seconds 
========================================================================
Received Import Request.
  Time since last request: 0.000008 seconds.
  path: Assets/Scenes/SampleScene/Lightmap-60_comp_light.exr
  artifactKey: Guid(8f29a0d71afd88048a1b70dd4676601a) Importer(815301076,1909f56bfc062723c751e8b465ee728b)
Start importing Assets/Scenes/SampleScene/Lightmap-60_comp_light.exr using Guid(8f29a0d71afd88048a1b70dd4676601a) Importer(815301076,1909f56bfc062723c751e8b465ee728b)  -> (artifact id: '644ddc53dcef16c309308514612c4028') in 0.007758 seconds 
========================================================================
Received Import Request.
  Time since last request: 0.000010 seconds.
  path: Assets/Scenes/SampleScene/Lightmap-61_comp_light.exr
  artifactKey: Guid(091ae42fa037d8a40804cdcfb97387da) Importer(815301076,1909f56bfc062723c751e8b465ee728b)
Start importing Assets/Scenes/SampleScene/Lightmap-61_comp_light.exr using Guid(091ae42fa037d8a40804cdcfb97387da) Importer(815301076,1909f56bfc062723c751e8b465ee728b)  -> (artifact id: '18e77546144c098b7b2c93ec627de4d3') in 0.007431 seconds 
========================================================================
Received Import Request.
  Time since last request: 0.000009 seconds.
  path: Assets/Scenes/SampleScene/Lightmap-51_comp_light.exr
  artifactKey: Guid(45a83832788d190458629482c81e638e) Importer(815301076,1909f56bfc062723c751e8b465ee728b)
Start importing Assets/Scenes/SampleScene/Lightmap-51_comp_light.exr using Guid(45a83832788d190458629482c81e638e) Importer(815301076,1909f56bfc062723c751e8b465ee728b)  -> (artifact id: '7bac6e98bcfbe5aed7856706a6425c81') in 0.006771 seconds 
========================================================================
Received Import Request.
  Time since last request: 0.000007 seconds.
  path: Assets/Scenes/SampleScene/Lightmap-66_comp_light.exr
  artifactKey: Guid(43d40b2a3646f34459e7b74f6d7b8ef9) Importer(815301076,1909f56bfc062723c751e8b465ee728b)
Start importing Assets/Scenes/SampleScene/Lightmap-66_comp_light.exr using Guid(43d40b2a3646f34459e7b74f6d7b8ef9) Importer(815301076,1909f56bfc062723c751e8b465ee728b)  -> (artifact id: '11dafa518ec4f9ba1b647fb178112998') in 0.006696 seconds 
========================================================================
Received Import Request.
  Time since last request: 0.000008 seconds.
  path: Assets/Scenes/SampleScene/Lightmap-55_comp_dir.png
  artifactKey: Guid(531b0ed59c7a73748b981157b37a5811) Importer(815301076,1909f56bfc062723c751e8b465ee728b)
Start importing Assets/Scenes/SampleScene/Lightmap-55_comp_dir.png using Guid(531b0ed59c7a73748b981157b37a5811) Importer(815301076,1909f56bfc062723c751e8b465ee728b)  -> (artifact id: 'db5f43211992fa4adad1b48e83785382') in 0.007253 seconds 
========================================================================
Received Import Request.
  Time since last request: 0.000008 seconds.
  path: Assets/Scenes/SampleScene/Lightmap-57_comp_dir.png
  artifactKey: Guid(665954905f9978c45a3eeff45459c00c) Importer(815301076,1909f56bfc062723c751e8b465ee728b)
Start importing Assets/Scenes/SampleScene/Lightmap-57_comp_dir.png using Guid(665954905f9978c45a3eeff45459c00c) Importer(815301076,1909f56bfc062723c751e8b465ee728b)  -> (artifact id: 'fdcd75b930511b1afa5887ac754f1e2e') in 0.007539 seconds 
========================================================================
Received Import Request.
  Time since last request: 0.000009 seconds.
  path: Assets/Scenes/SampleScene/Lightmap-72_comp_dir.png
  artifactKey: Guid(22ca0871c22ab9241b04e005ba5726a9) Importer(815301076,1909f56bfc062723c751e8b465ee728b)
Start importing Assets/Scenes/SampleScene/Lightmap-72_comp_dir.png using Guid(22ca0871c22ab9241b04e005ba5726a9) Importer(815301076,1909f56bfc062723c751e8b465ee728b)  -> (artifact id: '0e67d650d6d237c45d9e356e5a263d38') in 0.007128 seconds 
========================================================================
Received Import Request.
  Time since last request: 0.000006 seconds.
  path: Assets/Scenes/SampleScene/Lightmap-68_comp_dir.png
  artifactKey: Guid(6a6e1c7e934fa5b428aef8b2a99b9aba) Importer(815301076,1909f56bfc062723c751e8b465ee728b)
Start importing Assets/Scenes/SampleScene/Lightmap-68_comp_dir.png using Guid(6a6e1c7e934fa5b428aef8b2a99b9aba) Importer(815301076,1909f56bfc062723c751e8b465ee728b)  -> (artifact id: '04a3a63a1e398f28e367e3e1a15ccd47') in 0.007882 seconds 
========================================================================
Received Import Request.
  Time since last request: 0.000008 seconds.
  path: Assets/Scenes/SampleScene/Lightmap-52_comp_light.exr
  artifactKey: Guid(cc9c482073dc8b24ab58efc02519a80d) Importer(815301076,1909f56bfc062723c751e8b465ee728b)
Start importing Assets/Scenes/SampleScene/Lightmap-52_comp_light.exr using Guid(cc9c482073dc8b24ab58efc02519a80d) Importer(815301076,1909f56bfc062723c751e8b465ee728b)  -> (artifact id: '01b89c2981d500b023676c66be8f8fa6') in 0.007020 seconds 
========================================================================
Received Import Request.
  Time since last request: 0.000007 seconds.
  path: Assets/Scenes/SampleScene/Lightmap-66_comp_dir.png
  artifactKey: Guid(6140e48746bd1a642bb8f7c39bedbb89) Importer(815301076,1909f56bfc062723c751e8b465ee728b)
Start importing Assets/Scenes/SampleScene/Lightmap-66_comp_dir.png using Guid(6140e48746bd1a642bb8f7c39bedbb89) Importer(815301076,1909f56bfc062723c751e8b465ee728b)  -> (artifact id: 'e6ee63ce1dd51d290eddd2689abf82d3') in 0.008054 seconds 
========================================================================
Received Import Request.
  Time since last request: 0.000008 seconds.
  path: Assets/Scenes/SampleScene/Lightmap-57_comp_light.exr
  artifactKey: Guid(3f25e93400cca3145a4f6584497e61ec) Importer(815301076,1909f56bfc062723c751e8b465ee728b)
Start importing Assets/Scenes/SampleScene/Lightmap-57_comp_light.exr using Guid(3f25e93400cca3145a4f6584497e61ec) Importer(815301076,1909f56bfc062723c751e8b465ee728b)  -> (artifact id: 'fe2fbb35f40f56ebf955f5ad176167c9') in 0.007229 seconds 
========================================================================
Received Import Request.
  Time since last request: 0.000007 seconds.
  path: Assets/Scenes/SampleScene/Lightmap-67_comp_dir.png
  artifactKey: Guid(adaa370847801f347bd368e02abc67df) Importer(815301076,1909f56bfc062723c751e8b465ee728b)
Start importing Assets/Scenes/SampleScene/Lightmap-67_comp_dir.png using Guid(adaa370847801f347bd368e02abc67df) Importer(815301076,1909f56bfc062723c751e8b465ee728b)  -> (artifact id: 'ec4469de5e46b709242a353be2b6e2a9') in 0.006457 seconds 
========================================================================
Received Prepare
Registering precompiled user dll's ...
Registered in 0.003483 seconds.
Begin MonoManager ReloadAssembly
Symbol file LoadedFromMemory doesn't match image C:\Users\35498\OneDrive\Desktop\wxl220014\Library\PackageCache\com.unity.visualscripting@1.7.8\Editor\VisualScripting.Core\Dependencies\YamlDotNet\Unity.VisualScripting.YamlDotNet.dll
Symbol file LoadedFromMemory doesn't match image C:\Users\35498\OneDrive\Desktop\wxl220014\Library\PackageCache\com.unity.visualscripting@1.7.8\Editor\VisualScripting.Core\Dependencies\DotNetZip\Unity.VisualScripting.IonicZip.dll
Native extension for WindowsStandalone target not found
Native extension for Android target not found
Refreshing native plugins compatible for Editor in 0.50 ms, found 3 plugins.
Preloading 0 native plugins for Editor in 0.00 ms.
Mono: successfully reloaded assembly
- Completed reload, in  0.611 seconds
Domain Reload Profiling:
	ReloadAssembly (612ms)
		BeginReloadAssembly (84ms)
			ExecutionOrderSort (0ms)
			DisableScriptedObjects (3ms)
			BackupInstance (0ms)
			ReleaseScriptingObjects (0ms)
			CreateAndSetChildDomain (26ms)
		EndReloadAssembly (465ms)
			LoadAssemblies (45ms)
			RebuildTransferFunctionScriptingTraits (0ms)
			SetupTypeCache (164ms)
			ReleaseScriptCaches (1ms)
			RebuildScriptCaches (25ms)
			SetupLoadedEditorAssemblies (203ms)
				LogAssemblyErrors (0ms)
				InitializePlatformSupportModulesInManaged (13ms)
				SetLoadedEditorAssemblies (0ms)
				RefreshPlugins (1ms)
				BeforeProcessingInitializeOnLoad (44ms)
				ProcessInitializeOnLoadAttributes (129ms)
				ProcessInitializeOnLoadMethodAttributes (12ms)
				AfterProcessingInitializeOnLoad (4ms)
				EditorAssembliesLoaded (0ms)
			ExecutionOrderSort2 (0ms)
			AwakeInstancesAfterBackupRestoration (3ms)
Platform modules already initialized, skipping
Refreshing native plugins compatible for Editor in 1.00 ms, found 3 plugins.
Preloading 0 native plugins for Editor in 0.00 ms.
Unloading 3496 Unused Serialized files (Serialized files now loaded: 0)
Unloading 18 unused Assets / (24.6 KB). Loaded Objects now: 4011.
Memory consumption went from 131.5 MB to 131.5 MB.
Total: 2.311300 ms (FindLiveObjects: 0.186800 ms CreateObjectMapping: 0.065700 ms MarkObjects: 2.046400 ms  DeleteObjects: 0.011100 ms)

AssetImportParameters requested are different than current active one (requested -> active):
  custom:video-decoder-ogg-theora: a1e56fd34408186e4bbccfd4996cb3dc -> 
  custom:container-muxer-webm: aa71ff27fc2769a1b78a27578f13a17b -> 
  custom:container-demuxer-webm: 4f35f7cbe854078d1ac9338744f61a02 -> 
  custom:video-encoder-webm-vp8: eb34c28f22e8b96e1ab97ce403110664 -> 
  custom:audio-encoder-webm-vorbis: bf7c407c2cedff20999df2af8eb42d56 -> 
  custom:framework-win-MediaFoundation: 216162199b28c13a410421893ffa2e32 -> 
  custom:container-demuxer-ogg: 62fdf1f143b41e24485cea50d1cbac27 -> 
  custom:video-decoder-webm-vp8: 9c59270c3fd7afecdb556c50c9e8de78 -> 
  custom:audio-decoder-ogg-vorbis: bf7c407c2cedff20999df2af8eb42d56 -> 
========================================================================
Received Prepare
Registering precompiled user dll's ...
Registered in 0.005487 seconds.
Begin MonoManager ReloadAssembly
Symbol file LoadedFromMemory doesn't match image C:\Users\35498\OneDrive\Desktop\wxl220014\Library\PackageCache\com.unity.visualscripting@1.7.8\Editor\VisualScripting.Core\Dependencies\YamlDotNet\Unity.VisualScripting.YamlDotNet.dll
Symbol file LoadedFromMemory doesn't match image C:\Users\35498\OneDrive\Desktop\wxl220014\Library\PackageCache\com.unity.visualscripting@1.7.8\Editor\VisualScripting.Core\Dependencies\DotNetZip\Unity.VisualScripting.IonicZip.dll
Native extension for WindowsStandalone target not found
Native extension for Android target not found
Refreshing native plugins compatible for Editor in 0.56 ms, found 3 plugins.
Preloading 0 native plugins for Editor in 0.00 ms.
Mono: successfully reloaded assembly
- Completed reload, in  0.624 seconds
Domain Reload Profiling:
	ReloadAssembly (624ms)
		BeginReloadAssembly (87ms)
			ExecutionOrderSort (0ms)
			DisableScriptedObjects (3ms)
			BackupInstance (0ms)
			ReleaseScriptingObjects (0ms)
			CreateAndSetChildDomain (29ms)
		EndReloadAssembly (481ms)
			LoadAssemblies (47ms)
			RebuildTransferFunctionScriptingTraits (0ms)
			SetupTypeCache (156ms)
			ReleaseScriptCaches (1ms)
			RebuildScriptCaches (23ms)
			SetupLoadedEditorAssemblies (220ms)
				LogAssemblyErrors (0ms)
				InitializePlatformSupportModulesInManaged (14ms)
				SetLoadedEditorAssemblies (0ms)
				RefreshPlugins (1ms)
				BeforeProcessingInitializeOnLoad (47ms)
				ProcessInitializeOnLoadAttributes (140ms)
				ProcessInitializeOnLoadMethodAttributes (15ms)
				AfterProcessingInitializeOnLoad (4ms)
				EditorAssembliesLoaded (0ms)
			ExecutionOrderSort2 (0ms)
			AwakeInstancesAfterBackupRestoration (3ms)
Platform modules already initialized, skipping
Refreshing native plugins compatible for Editor in 1.00 ms, found 3 plugins.
Preloading 0 native plugins for Editor in 0.00 ms.
Unloading 3496 Unused Serialized files (Serialized files now loaded: 0)
Unloading 18 unused Assets / (24.7 KB). Loaded Objects now: 4015.
Memory consumption went from 131.5 MB to 131.5 MB.
Total: 2.029300 ms (FindLiveObjects: 0.189000 ms CreateObjectMapping: 0.045100 ms MarkObjects: 1.784200 ms  DeleteObjects: 0.010700 ms)

AssetImportParameters requested are different than current active one (requested -> active):
  custom:video-decoder-ogg-theora: a1e56fd34408186e4bbccfd4996cb3dc -> 
  custom:container-muxer-webm: aa71ff27fc2769a1b78a27578f13a17b -> 
  custom:container-demuxer-webm: 4f35f7cbe854078d1ac9338744f61a02 -> 
  custom:video-encoder-webm-vp8: eb34c28f22e8b96e1ab97ce403110664 -> 
  custom:audio-encoder-webm-vorbis: bf7c407c2cedff20999df2af8eb42d56 -> 
  custom:framework-win-MediaFoundation: 216162199b28c13a410421893ffa2e32 -> 
  custom:container-demuxer-ogg: 62fdf1f143b41e24485cea50d1cbac27 -> 
  custom:video-decoder-webm-vp8: 9c59270c3fd7afecdb556c50c9e8de78 -> 
  custom:audio-decoder-ogg-vorbis: bf7c407c2cedff20999df2af8eb42d56 -> 
========================================================================
Received Prepare
Registering precompiled user dll's ...
Registered in 0.005276 seconds.
Begin MonoManager ReloadAssembly
Symbol file LoadedFromMemory doesn't match image C:\Users\35498\OneDrive\Desktop\wxl220014\Library\PackageCache\com.unity.visualscripting@1.7.8\Editor\VisualScripting.Core\Dependencies\YamlDotNet\Unity.VisualScripting.YamlDotNet.dll
Symbol file LoadedFromMemory doesn't match image C:\Users\35498\OneDrive\Desktop\wxl220014\Library\PackageCache\com.unity.visualscripting@1.7.8\Editor\VisualScripting.Core\Dependencies\DotNetZip\Unity.VisualScripting.IonicZip.dll
Native extension for WindowsStandalone target not found
Native extension for Android target not found
Refreshing native plugins compatible for Editor in 0.73 ms, found 3 plugins.
Preloading 0 native plugins for Editor in 0.00 ms.
Mono: successfully reloaded assembly
- Completed reload, in  0.631 seconds
Domain Reload Profiling:
	ReloadAssembly (631ms)
		BeginReloadAssembly (89ms)
			ExecutionOrderSort (0ms)
			DisableScriptedObjects (3ms)
			BackupInstance (0ms)
			ReleaseScriptingObjects (0ms)
			CreateAndSetChildDomain (30ms)
		EndReloadAssembly (477ms)
			LoadAssemblies (48ms)
			RebuildTransferFunctionScriptingTraits (0ms)
			SetupTypeCache (168ms)
			ReleaseScriptCaches (1ms)
			RebuildScriptCaches (23ms)
			SetupLoadedEditorAssemblies (207ms)
				LogAssemblyErrors (0ms)
				InitializePlatformSupportModulesInManaged (12ms)
				SetLoadedEditorAssemblies (0ms)
				RefreshPlugins (1ms)
				BeforeProcessingInitializeOnLoad (45ms)
				ProcessInitializeOnLoadAttributes (126ms)
				ProcessInitializeOnLoadMethodAttributes (18ms)
				AfterProcessingInitializeOnLoad (4ms)
				EditorAssembliesLoaded (0ms)
			ExecutionOrderSort2 (0ms)
			AwakeInstancesAfterBackupRestoration (3ms)
Platform modules already initialized, skipping
Refreshing native plugins compatible for Editor in 0.99 ms, found 3 plugins.
Preloading 0 native plugins for Editor in 0.00 ms.
Unloading 3496 Unused Serialized files (Serialized files now loaded: 0)
Unloading 18 unused Assets / (24.7 KB). Loaded Objects now: 4019.
Memory consumption went from 131.5 MB to 131.5 MB.
Total: 2.369900 ms (FindLiveObjects: 0.203000 ms CreateObjectMapping: 0.057900 ms MarkObjects: 2.097600 ms  DeleteObjects: 0.010900 ms)

AssetImportParameters requested are different than current active one (requested -> active):
  custom:video-decoder-ogg-theora: a1e56fd34408186e4bbccfd4996cb3dc -> 
  custom:container-muxer-webm: aa71ff27fc2769a1b78a27578f13a17b -> 
  custom:container-demuxer-webm: 4f35f7cbe854078d1ac9338744f61a02 -> 
  custom:video-encoder-webm-vp8: eb34c28f22e8b96e1ab97ce403110664 -> 
  custom:audio-encoder-webm-vorbis: bf7c407c2cedff20999df2af8eb42d56 -> 
  custom:framework-win-MediaFoundation: 216162199b28c13a410421893ffa2e32 -> 
  custom:container-demuxer-ogg: 62fdf1f143b41e24485cea50d1cbac27 -> 
  custom:video-decoder-webm-vp8: 9c59270c3fd7afecdb556c50c9e8de78 -> 
  custom:audio-decoder-ogg-vorbis: bf7c407c2cedff20999df2af8eb42d56 -> 
