Using pre-set license
Built from '2021.3/evg/staging/82bb020e-b03b1330/draft-0' branch; Version is '2021.3.16f1 (4016570cf34f) revision 4200023'; Using compiler version '192829333'; Build Type 'Release'
OS: 'Windows 11  (10.0.22631) 64bit ProfessionalN' Language: 'zh' Physical Memory: 31895 MB
BatchMode: 1, IsHumanControllingUs: 0, StartBugReporterOnCrash: 0, Is64bit: 1, IsPro: 1

COMMAND LINE ARGUMENTS:
C:\Program Files\Unity\Hub\Editor\2021.3.16f1\Editor\Unity.exe
-adb2
-batchMode
-noUpm
-name
AssetImportWorker3
-projectPath
C:/Users/35498/OneDrive/Desktop/Team13-main
-logFile
Logs/AssetImportWorker3.log
-srvPort
60816
Successfully changed project path to: C:/Users/35498/OneDrive/Desktop/Team13-main
C:/Users/35498/OneDrive/Desktop/Team13-main
[UnityMemory] Configuration Parameters - Can be set up in boot.config
    "memorysetup-bucket-allocator-granularity=16"
    "memorysetup-bucket-allocator-bucket-count=8"
    "memorysetup-bucket-allocator-block-size=33554432"
    "memorysetup-bucket-allocator-block-count=8"
    "memorysetup-main-allocator-block-size=16777216"
    "memorysetup-thread-allocator-block-size=16777216"
    "memorysetup-gfx-main-allocator-block-size=16777216"
    "memorysetup-gfx-thread-allocator-block-size=16777216"
    "memorysetup-cache-allocator-block-size=4194304"
    "memorysetup-typetree-allocator-block-size=2097152"
    "memorysetup-profiler-bucket-allocator-granularity=16"
    "memorysetup-profiler-bucket-allocator-bucket-count=8"
    "memorysetup-profiler-bucket-allocator-block-size=33554432"
    "memorysetup-profiler-bucket-allocator-block-count=8"
    "memorysetup-profiler-allocator-block-size=16777216"
    "memorysetup-profiler-editor-allocator-block-size=1048576"
    "memorysetup-temp-allocator-size-main=16777216"
    "memorysetup-job-temp-allocator-block-size=2097152"
    "memorysetup-job-temp-allocator-block-size-background=1048576"
    "memorysetup-job-temp-allocator-reduction-small-platforms=262144"
    "memorysetup-temp-allocator-size-background-worker=32768"
    "memorysetup-temp-allocator-size-job-worker=262144"
    "memorysetup-temp-allocator-size-preload-manager=33554432"
    "memorysetup-temp-allocator-size-nav-mesh-worker=65536"
    "memorysetup-temp-allocator-size-audio-worker=65536"
    "memorysetup-temp-allocator-size-cloud-worker=32768"
    "memorysetup-temp-allocator-size-gi-baking-worker=262144"
    "memorysetup-temp-allocator-size-gfx=262144"
Player connection [32444] Host "[IP] 192.168.1.3 [Port] 0 [Flags] 2 [Guid] 219277244 [EditorId] 219277244 [Version] 1048832 [Id] WindowsEditor(7,weicheng) [Debug] 1 [PackageName] WindowsEditor [ProjectName] Editor" joined multi-casting on [225.0.0.222:54997]...

Player connection [32444] Host "[IP] 192.168.1.3 [Port] 0 [Flags] 2 [Guid] 219277244 [EditorId] 219277244 [Version] 1048832 [Id] WindowsEditor(7,weicheng) [Debug] 1 [PackageName] WindowsEditor [ProjectName] Editor" joined alternative multi-casting on [225.0.0.222:34997]...

Refreshing native plugins compatible for Editor in 89.07 ms, found 9 plugins.
Preloading 0 native plugins for Editor in 0.00 ms.
Initialize engine version: 2021.3.16f1 (4016570cf34f)
[Subsystems] Discovering subsystems at path C:/Program Files/Unity/Hub/Editor/2021.3.16f1/Editor/Data/Resources/UnitySubsystems
[Subsystems] Discovering subsystems at path C:/Users/35498/OneDrive/Desktop/Team13-main/Assets
GfxDevice: creating device client; threaded=0; jobified=0
Direct3D:
    Version:  Direct3D 11.0 [level 11.1]
    Renderer: AMD Radeon RX 7900 XTX (ID=0x744c)
    Vendor:   ATI
    VRAM:     24511 MB
    Driver:   31.0.23013.3005
Initialize mono
Mono path[0] = 'C:/Program Files/Unity/Hub/Editor/2021.3.16f1/Editor/Data/Managed'
Mono path[1] = 'C:/Program Files/Unity/Hub/Editor/2021.3.16f1/Editor/Data/MonoBleedingEdge/lib/mono/unityjit-win32'
Mono config path = 'C:/Program Files/Unity/Hub/Editor/2021.3.16f1/Editor/Data/MonoBleedingEdge/etc'
Using monoOptions --debugger-agent=transport=dt_socket,embedding=1,server=y,suspend=n,address=127.0.0.1:56412
Begin MonoManager ReloadAssembly
Registering precompiled unity dll's ...
Register platform support module: C:/Program Files/Unity/Hub/Editor/2021.3.16f1/Editor/Data/PlaybackEngines/AndroidPlayer/UnityEditor.Android.Extensions.dll
Register platform support module: C:/Program Files/Unity/Hub/Editor/2021.3.16f1/Editor/Data/PlaybackEngines/WindowsStandaloneSupport/UnityEditor.WindowsStandalone.Extensions.dll
Registered in 0.004505 seconds.
Native extension for WindowsStandalone target not found
Native extension for Android target not found
Refreshing native plugins compatible for Editor in 58.50 ms, found 9 plugins.
Preloading 0 native plugins for Editor in 0.00 ms.
Mono: successfully reloaded assembly
- Completed reload, in  0.408 seconds
Domain Reload Profiling:
	ReloadAssembly (409ms)
		BeginReloadAssembly (45ms)
			ExecutionOrderSort (0ms)
			DisableScriptedObjects (0ms)
			BackupInstance (0ms)
			ReleaseScriptingObjects (0ms)
			CreateAndSetChildDomain (0ms)
		EndReloadAssembly (287ms)
			LoadAssemblies (44ms)
			RebuildTransferFunctionScriptingTraits (0ms)
			SetupTypeCache (69ms)
			ReleaseScriptCaches (0ms)
			RebuildScriptCaches (15ms)
			SetupLoadedEditorAssemblies (173ms)
				LogAssemblyErrors (0ms)
				InitializePlatformSupportModulesInManaged (32ms)
				SetLoadedEditorAssemblies (0ms)
				RefreshPlugins (59ms)
				BeforeProcessingInitializeOnLoad (1ms)
				ProcessInitializeOnLoadAttributes (56ms)
				ProcessInitializeOnLoadMethodAttributes (27ms)
				AfterProcessingInitializeOnLoad (0ms)
				EditorAssembliesLoaded (0ms)
			ExecutionOrderSort2 (0ms)
			AwakeInstancesAfterBackupRestoration (0ms)
Platform modules already initialized, skipping
Registering precompiled user dll's ...
Registered in 0.005179 seconds.
Begin MonoManager ReloadAssembly
Symbol file LoadedFromMemory doesn't match image C:\Users\35498\OneDrive\Desktop\Team13-main\Library\PackageCache\com.unity.visualscripting@1.7.8\Editor\VisualScripting.Core\Dependencies\DotNetZip\Unity.VisualScripting.IonicZip.dll
Symbol file LoadedFromMemory doesn't match image C:\Users\35498\OneDrive\Desktop\Team13-main\Library\PackageCache\com.unity.visualscripting@1.7.8\Editor\VisualScripting.Core\Dependencies\YamlDotNet\Unity.VisualScripting.YamlDotNet.dll
Native extension for WindowsStandalone target not found
Native extension for Android target not found
Refreshing native plugins compatible for Editor in 62.69 ms, found 9 plugins.
Preloading 0 native plugins for Editor in 0.00 ms.
Package Manager log level set to [2]
Mono: successfully reloaded assembly
- Completed reload, in  0.880 seconds
Domain Reload Profiling:
	ReloadAssembly (881ms)
		BeginReloadAssembly (188ms)
			ExecutionOrderSort (0ms)
			DisableScriptedObjects (4ms)
			BackupInstance (0ms)
			ReleaseScriptingObjects (0ms)
			CreateAndSetChildDomain (135ms)
		EndReloadAssembly (615ms)
			LoadAssemblies (51ms)
			RebuildTransferFunctionScriptingTraits (0ms)
			SetupTypeCache (180ms)
			ReleaseScriptCaches (1ms)
			RebuildScriptCaches (31ms)
			SetupLoadedEditorAssemblies (326ms)
				LogAssemblyErrors (0ms)
				InitializePlatformSupportModulesInManaged (7ms)
				SetLoadedEditorAssemblies (0ms)
				RefreshPlugins (63ms)
				BeforeProcessingInitializeOnLoad (67ms)
				ProcessInitializeOnLoadAttributes (172ms)
				ProcessInitializeOnLoadMethodAttributes (13ms)
				AfterProcessingInitializeOnLoad (4ms)
				EditorAssembliesLoaded (0ms)
			ExecutionOrderSort2 (0ms)
			AwakeInstancesAfterBackupRestoration (3ms)
Platform modules already initialized, skipping
========================================================================
Worker process is ready to serve import requests
Launched and connected shader compiler UnityShaderCompiler.exe after 0.04 seconds
Refreshing native plugins compatible for Editor in 0.97 ms, found 9 plugins.
Preloading 0 native plugins for Editor in 0.00 ms.
Unloading 4351 Unused Serialized files (Serialized files now loaded: 0)
Unloading 52 unused Assets / (120.3 KB). Loaded Objects now: 4793.
Memory consumption went from 157.7 MB to 157.6 MB.
Total: 2.558800 ms (FindLiveObjects: 0.236500 ms CreateObjectMapping: 0.075800 ms MarkObjects: 2.168500 ms  DeleteObjects: 0.077300 ms)

AssetImportParameters requested are different than current active one (requested -> active):
  custom:video-decoder-ogg-theora: a1e56fd34408186e4bbccfd4996cb3dc -> 
  custom:container-muxer-webm: aa71ff27fc2769a1b78a27578f13a17b -> 
  custom:container-demuxer-webm: 4f35f7cbe854078d1ac9338744f61a02 -> 
  custom:video-encoder-webm-vp8: eb34c28f22e8b96e1ab97ce403110664 -> 
  custom:audio-encoder-webm-vorbis: bf7c407c2cedff20999df2af8eb42d56 -> 
  custom:framework-win-MediaFoundation: 216162199b28c13a410421893ffa2e32 -> 
  custom:container-demuxer-ogg: 62fdf1f143b41e24485cea50d1cbac27 -> 
  custom:video-decoder-webm-vp8: 9c59270c3fd7afecdb556c50c9e8de78 -> 
  custom:audio-decoder-ogg-vorbis: bf7c407c2cedff20999df2af8eb42d56 -> 
========================================================================
Received Import Request.
  Time since last request: 94417.121006 seconds.
  path: Assets/Scary Haunted House/Materials/glass.mat
  artifactKey: Guid(9b776a0ad3756804496550c7c35b0016) Importer(815301076,1909f56bfc062723c751e8b465ee728b)
Start importing Assets/Scary Haunted House/Materials/glass.mat using Guid(9b776a0ad3756804496550c7c35b0016) Importer(815301076,1909f56bfc062723c751e8b465ee728b)  -> (artifact id: '58b1024bd2367f1a2eb06a3a0f9254f2') in 0.130966 seconds 
========================================================================
Received Import Request.
  Time since last request: 0.000011 seconds.
  path: Assets/Scary Haunted House/Materials/house_atlas2.mat
  artifactKey: Guid(8ee4904f231a9444aabfd0f6fb2cb298) Importer(815301076,1909f56bfc062723c751e8b465ee728b)
Start importing Assets/Scary Haunted House/Materials/house_atlas2.mat using Guid(8ee4904f231a9444aabfd0f6fb2cb298) Importer(815301076,1909f56bfc062723c751e8b465ee728b)  -> (artifact id: '5147b88ac4f7f0795dd201b21b376828') in 0.013854 seconds 
========================================================================
Received Import Request.
  Time since last request: 1.272189 seconds.
  path: Assets/Scary Haunted House/fbx/art_pic.fbx
  artifactKey: Guid(3de69a0cd6cee724e82873c64130ec5c) Importer(815301076,1909f56bfc062723c751e8b465ee728b)
Start importing Assets/Scary Haunted House/fbx/art_pic.fbx using Guid(3de69a0cd6cee724e82873c64130ec5c) Importer(815301076,1909f56bfc062723c751e8b465ee728b)  -> (artifact id: '25cc428dc963e9c9970f0bead521baed') in 0.046143 seconds 
========================================================================
Received Import Request.
  Time since last request: 0.000011 seconds.
  path: Assets/Scary Haunted House/fbx/boundry.fbx
  artifactKey: Guid(34ac7cdbedb51fe4bac3f9e7425e5b7f) Importer(815301076,1909f56bfc062723c751e8b465ee728b)
Start importing Assets/Scary Haunted House/fbx/boundry.fbx using Guid(34ac7cdbedb51fe4bac3f9e7425e5b7f) Importer(815301076,1909f56bfc062723c751e8b465ee728b)  -> (artifact id: 'f8de693708a7c51c56c03e28c91cdbca') in 0.015951 seconds 
========================================================================
Received Import Request.
  Time since last request: 0.000010 seconds.
  path: Assets/Scary Haunted House/fbx/kitchen.fbx
  artifactKey: Guid(dd562ff461e471a448fee081082dba7f) Importer(815301076,1909f56bfc062723c751e8b465ee728b)
Start importing Assets/Scary Haunted House/fbx/kitchen.fbx using Guid(dd562ff461e471a448fee081082dba7f) Importer(815301076,1909f56bfc062723c751e8b465ee728b)  -> (artifact id: 'e3f4f40e87277cb53efa7ce0be88131c') in 0.011300 seconds 
========================================================================
Received Import Request.
  Time since last request: 0.000009 seconds.
  path: Assets/Scary Haunted House/fbx/chairs.fbx
  artifactKey: Guid(be8b49ea256eb2e47b3c57e2a1adc3dc) Importer(815301076,1909f56bfc062723c751e8b465ee728b)
Start importing Assets/Scary Haunted House/fbx/chairs.fbx using Guid(be8b49ea256eb2e47b3c57e2a1adc3dc) Importer(815301076,1909f56bfc062723c751e8b465ee728b)  -> (artifact id: 'c0fb51aff8d78352cd448321252ec6cc') in 0.017231 seconds 
========================================================================
Received Import Request.
  Time since last request: 0.000013 seconds.
  path: Assets/Scary Haunted House/fbx/genrator.fbx
  artifactKey: Guid(057dc932a9058fb4fb6984a724ed32b8) Importer(815301076,1909f56bfc062723c751e8b465ee728b)
Start importing Assets/Scary Haunted House/fbx/genrator.fbx using Guid(057dc932a9058fb4fb6984a724ed32b8) Importer(815301076,1909f56bfc062723c751e8b465ee728b)  -> (artifact id: '0a18aef11704e0afeb01525c14f545ae') in 0.011499 seconds 
========================================================================
Received Import Request.
  Time since last request: 0.000010 seconds.
  path: Assets/Scary Haunted House/fbx/paino.fbx
  artifactKey: Guid(095fd52830e68d645b775e29b33a9771) Importer(815301076,1909f56bfc062723c751e8b465ee728b)
Start importing Assets/Scary Haunted House/fbx/paino.fbx using Guid(095fd52830e68d645b775e29b33a9771) Importer(815301076,1909f56bfc062723c751e8b465ee728b)  -> (artifact id: '2620cf6fb90d95565999aef3466658e5') in 0.010564 seconds 
========================================================================
Received Import Request.
  Time since last request: 0.000009 seconds.
  path: Assets/Scary Haunted House/fbx/cigar_table.fbx
  artifactKey: Guid(396a727cb341d6c4bbb02243978e189c) Importer(815301076,1909f56bfc062723c751e8b465ee728b)
Start importing Assets/Scary Haunted House/fbx/cigar_table.fbx using Guid(396a727cb341d6c4bbb02243978e189c) Importer(815301076,1909f56bfc062723c751e8b465ee728b)  -> (artifact id: '8dec514e665109ea12bd5e5c1073355f') in 0.930960 seconds 
========================================================================
Received Import Request.
  Time since last request: 0.000017 seconds.
  path: Assets/Scary Haunted House/fbx/tv_table.fbx
  artifactKey: Guid(222db38f98c7f204d834f9b86b24abda) Importer(815301076,1909f56bfc062723c751e8b465ee728b)
Start importing Assets/Scary Haunted House/fbx/tv_table.fbx using Guid(222db38f98c7f204d834f9b86b24abda) Importer(815301076,1909f56bfc062723c751e8b465ee728b)  -> (artifact id: '6d651c72965b81ee57a08e6cd3c34a75') in 0.021043 seconds 
========================================================================
Received Import Request.
  Time since last request: 0.000022 seconds.
  path: Assets/Scary Haunted House/fbx/house_wall_boundry.fbx
  artifactKey: Guid(d6b61c86613e2914e83b0403189f1f29) Importer(815301076,1909f56bfc062723c751e8b465ee728b)
Start importing Assets/Scary Haunted House/fbx/house_wall_boundry.fbx using Guid(d6b61c86613e2914e83b0403189f1f29) Importer(815301076,1909f56bfc062723c751e8b465ee728b)  -> (artifact id: 'bf2990d9deb9822b1b13b78fa10c8cf3') in 0.191401 seconds 
========================================================================
Received Import Request.
  Time since last request: 0.000014 seconds.
  path: Assets/Scary Haunted House/fbx/gates_fence.fbx
  artifactKey: Guid(65a6fc48ad2ec234c89c1a1df5c82491) Importer(815301076,1909f56bfc062723c751e8b465ee728b)
Start importing Assets/Scary Haunted House/fbx/gates_fence.fbx using Guid(65a6fc48ad2ec234c89c1a1df5c82491) Importer(815301076,1909f56bfc062723c751e8b465ee728b)  -> (artifact id: 'd1682f4b0d8d4d074451fb5d6c122173') in 0.037041 seconds 
========================================================================
Received Import Request.
  Time since last request: 0.000017 seconds.
  path: Assets/Scary Haunted House/fbx/shelves1.fbx
  artifactKey: Guid(ea7e547ed19ae2e48ad25eec92ecc6bc) Importer(815301076,1909f56bfc062723c751e8b465ee728b)
Start importing Assets/Scary Haunted House/fbx/shelves1.fbx using Guid(ea7e547ed19ae2e48ad25eec92ecc6bc) Importer(815301076,1909f56bfc062723c751e8b465ee728b)  -> (artifact id: 'c22806cec2c520b61abcdb0a6e7c0847') in 0.035231 seconds 
========================================================================
Received Import Request.
  Time since last request: 0.000017 seconds.
  path: Assets/Scary Haunted House/fbx/computer_table.fbx
  artifactKey: Guid(6785e6bc7e115f945b74b347dfbce508) Importer(815301076,1909f56bfc062723c751e8b465ee728b)
Start importing Assets/Scary Haunted House/fbx/computer_table.fbx using Guid(6785e6bc7e115f945b74b347dfbce508) Importer(815301076,1909f56bfc062723c751e8b465ee728b)  -> (artifact id: 'b9d2675d8176747aad0492e833e48f7b') in 0.029019 seconds 
========================================================================
Received Import Request.
  Time since last request: 0.000015 seconds.
  path: Assets/Scary Haunted House/fbx/tables.fbx
  artifactKey: Guid(3d926522833746d408c74768bfb700cc) Importer(815301076,1909f56bfc062723c751e8b465ee728b)
Start importing Assets/Scary Haunted House/fbx/tables.fbx using Guid(3d926522833746d408c74768bfb700cc) Importer(815301076,1909f56bfc062723c751e8b465ee728b)  -> (artifact id: 'db7d81551f17713048795d2d07f6968f') in 0.025660 seconds 
========================================================================
Received Import Request.
  Time since last request: 0.000016 seconds.
  path: Assets/Scary Haunted House/fbx/table3.fbx
  artifactKey: Guid(5e018f9d13bf34f419e5eb376ee92539) Importer(815301076,1909f56bfc062723c751e8b465ee728b)
Start importing Assets/Scary Haunted House/fbx/table3.fbx using Guid(5e018f9d13bf34f419e5eb376ee92539) Importer(815301076,1909f56bfc062723c751e8b465ee728b)  -> (artifact id: '3c144e8e71f780f7d5464bc1b8b555c5') in 0.049619 seconds 
Editor requested this worker to shutdown with reason: Scaling down because of idle timeout
AssetImportWorker is now disconnected from the server
Process exiting
Exiting without the bug reporter. Application will terminate with return code 0